#
# There is insufficient memory for the Java Runtime Environment to continue.
# Native memory allocation (mmap) failed to map 27262976 bytes for Failed to commit area from 0x000000008a600000 to 0x000000008c000000 of length 27262976.
# Possible reasons:
#   The system is out of physical RAM or swap space
#   The process is running with CompressedOops enabled, and the Java Heap may be blocking the growth of the native heap
# Possible solutions:
#   Reduce memory load on the system
#   Increase physical memory or swap space
#   Check if swap backing store is full
#   Decrease Java heap size (-Xmx/-Xms)
#   Decrease number of Java threads
#   Decrease Java thread stack sizes (-Xss)
#   Set larger code cache with -XX:ReservedCodeCacheSize=
#   JVM is running with Unscaled Compressed Oops mode in which the Java heap is
#     placed in the first 4GB address space. The Java Heap base address is the
#     maximum limit for the native heap growth. Please use -XX:HeapBaseMinAddress
#     to set the Java Heap base and to place the Java Heap above 4GB virtual address.
# This output file may be truncated or incomplete.
#
#  Out of Memory Error (t:/workspace/open/src/hotspot/os/windows/os_windows.cpp:3269), pid=20328, tid=17560
#
# JRE version: Java(TM) SE Runtime Environment (11.0.1+13) (build 11.0.1+13-LTS)
# Java VM: Java HotSpot(TM) 64-Bit Server VM (11.0.1+13-LTS, mixed mode, tiered, compressed oops, g1 gc, windows-amd64)
# No core dump will be written. Minidumps are not enabled by default on client versions of Windows
#

---------------  S U M M A R Y ------------

Command Line: -XX:TieredStopAtLevel=1 -Xverify:none -Dspring.output.ansi.enabled=always -javaagent:D:\Intelij\IntelliJ IDEA 2021.2.3\lib\idea_rt.jar=52692:D:\Intelij\IntelliJ IDEA 2021.2.3\bin -Dcom.sun.management.jmxremote -Dspring.jmx.enabled=true -Dspring.liveBeansView.mbeanDomain -Dspring.application.admin.enabled=true -Dfile.encoding=UTF-8 com.example.CrudapiApplication

Host: Intel(R) Core(TM) i5-9300H CPU @ 2.40GHz, 8 cores, 7G,  Windows 10 , 64 bit Build 19041 (10.0.19041.1202)
Time: Wed Nov  3 17:05:33 2021 SE Asia Standard Time elapsed time: 3 seconds (0d 0h 0m 3s)

---------------  T H R E A D  ---------------

Current thread (0x000001b7b4b41800):  VMThread "VM Thread" [stack: 0x0000005500900000,0x0000005500a00000] [id=17560]

Stack: [0x0000005500900000,0x0000005500a00000]
[error occurred during error reporting (printing stack bounds), id 0xc0000005, EXCEPTION_ACCESS_VIOLATION (0xc0000005) at pc=0x000001b79db80bad]

Native frames: (J=compiled Java code, j=interpreted, Vv=VM code, C=native code)
V  [jvm.dll+0x63c21a]
V  [jvm.dll+0x7797df]
V  [jvm.dll+0x77adca]
V  [jvm.dll+0x77b3e5]
V  [jvm.dll+0x77b39b]
V  [jvm.dll+0x63b916]
V  [jvm.dll+0x63bce8]
C  [ntdll.dll+0xa20cf]
C  [ntdll.dll+0x51454]
C  [ntdll.dll+0xa0bfe]
C  0x000001b79db80bad

VM_Operation (0x00000055003fa470): CollectForMetadataAllocation, mode: safepoint, requested by thread 0x000001b79408c000


---------------  P R O C E S S  ---------------

Threads class SMR info:
_java_thread_list=0x000001b7b779fd20, length=19, elements={
0x000001b79408c000, 0x000001b7b4b44800, 0x000001b7b4b6c800, 0x000001b7b4b82800,
0x000001b7b4b83800, 0x000001b7b4b84800, 0x000001b7b54a4800, 0x000001b7b4afd000,
0x000001b7b5624000, 0x000001b7b5b4a800, 0x000001b7b5b4b800, 0x000001b7b5c7d000,
0x000001b7b5c79000, 0x000001b7b5e6e800, 0x000001b7b7387800, 0x000001b7b7177000,
0x000001b7b7641800, 0x000001b7b75ea800, 0x000001b7b753d800
}

Java Threads: ( => current thread )
  0x000001b79408c000 JavaThread "main" [_thread_blocked, id=10864, stack(0x0000005500300000,0x0000005500400000)]
  0x000001b7b4b44800 JavaThread "Reference Handler" daemon [_thread_blocked, id=16372, stack(0x0000005500a00000,0x0000005500b00000)]
  0x000001b7b4b6c800 JavaThread "Finalizer" daemon [_thread_blocked, id=12296, stack(0x0000005500b00000,0x0000005500c00000)]
  0x000001b7b4b82800 JavaThread "Signal Dispatcher" daemon [_thread_blocked, id=9172, stack(0x0000005500c00000,0x0000005500d00000)]
  0x000001b7b4b83800 JavaThread "Attach Listener" daemon [_thread_blocked, id=15792, stack(0x0000005500d00000,0x0000005500e00000)]
  0x000001b7b4b84800 JavaThread "C1 CompilerThread0" daemon [_thread_blocked, id=7624, stack(0x0000005500e00000,0x0000005500f00000)]
  0x000001b7b54a4800 JavaThread "Sweeper thread" daemon [_thread_blocked, id=19028, stack(0x0000005500f00000,0x0000005501000000)]
  0x000001b7b4afd000 JavaThread "Common-Cleaner" daemon [_thread_blocked, id=16128, stack(0x0000005501000000,0x0000005501100000)]
  0x000001b7b5624000 JavaThread "C1 CompilerThread1" daemon [_thread_blocked, id=16152, stack(0x0000005501100000,0x0000005501200000)]
  0x000001b7b5b4a800 JavaThread "Monitor Ctrl-Break" daemon [_thread_in_native, id=7224, stack(0x0000005501200000,0x0000005501300000)]
  0x000001b7b5b4b800 JavaThread "Service Thread" daemon [_thread_blocked, id=17108, stack(0x0000005501300000,0x0000005501400000)]
  0x000001b7b5c7d000 JavaThread "RMI TCP Accept-0" daemon [_thread_in_native, id=2080, stack(0x0000005501400000,0x0000005501500000)]
  0x000001b7b5c79000 JavaThread "C1 CompilerThread2" daemon [_thread_blocked, id=3460, stack(0x0000005501600000,0x0000005501700000)]
  0x000001b7b5e6e800 JavaThread "C1 CompilerThread3" daemon [_thread_blocked, id=18792, stack(0x0000005501700000,0x0000005501800000)]
  0x000001b7b7387800 JavaThread "RMI TCP Connection(1)-169.254.79.147" daemon [_thread_in_native, id=3916, stack(0x0000005501a00000,0x0000005501b00000)]
  0x000001b7b7177000 JavaThread "RMI Scheduler(0)" daemon [_thread_blocked, id=16148, stack(0x0000005501d00000,0x0000005501e00000)]
  0x000001b7b7641800 JavaThread "Catalina-utility-1" [_thread_blocked, id=18368, stack(0x0000005501e00000,0x0000005501f00000)]
  0x000001b7b75ea800 JavaThread "Catalina-utility-2" [_thread_blocked, id=19476, stack(0x0000005501f00000,0x0000005502000000)]
  0x000001b7b753d800 JavaThread "container-0" [_thread_blocked, id=16048, stack(0x0000005502000000,0x0000005502100000)]

Other Threads:
=>0x000001b7b4b41800 VMThread "VM Thread" [stack: 0x0000005500900000,0x0000005500a00000] [id=17560]
  0x000001b7b5c8f800 WatcherThread [stack: 0x0000005501500000,0x0000005501600000] [id=3876]
  0x000001b7940a2800 GCTaskThread "GC Thread#0" [stack: 0x0000005500400000,0x0000005500500000] [id=16236]
  0x000001b7b6a92800 GCTaskThread "GC Thread#1" [stack: 0x0000005501800000,0x0000005501900000] [id=8076]
  0x000001b7b6a9a800 GCTaskThread "GC Thread#2" [stack: 0x0000005501900000,0x0000005501a00000] [id=10836]
  0x000001b7b6c6b000 GCTaskThread "GC Thread#3" [stack: 0x0000005501b00000,0x0000005501c00000] [id=14032]
  0x000001b7b74e3000 GCTaskThread "GC Thread#4" [stack: 0x0000005502100000,0x0000005502200000] [id=17696]
  0x000001b7b766e000 GCTaskThread "GC Thread#5" [stack: 0x0000005502200000,0x0000005502300000] [id=14484]
  0x000001b7940d4800 ConcurrentGCThread "G1 Main Marker" [stack: 0x0000005500500000,0x0000005500600000] [id=6036]
  0x000001b7940d6000 ConcurrentGCThread "G1 Conc#0" [stack: 0x0000005500600000,0x0000005500700000] [id=5336]
  0x000001b7b6dc3800 ConcurrentGCThread "G1 Conc#1" [stack: 0x0000005501c00000,0x0000005501d00000] [id=5220]
  0x000001b7b49b0800 ConcurrentGCThread "G1 Refine#0" [stack: 0x0000005500700000,0x0000005500800000] [id=20424]
  0x000001b7b49b1000 ConcurrentGCThread "G1 Young RemSet Sampling" [stack: 0x0000005500800000,0x0000005500900000] [id=19244]

Threads with active compile tasks:

VM state:at safepoint (normal execution)

VM Mutex/Monitor currently owned by a thread:  ([mutex/lock_event])
[0x000001b794089990] Threads_lock - owner thread: 0x000001b7b4b41800
[0x000001b79408a7a0] Heap_lock - owner thread: 0x000001b79408c000

Heap address: 0x0000000082800000, size: 2008 MB, Compressed Oops mode: 32-bit
Narrow klass base: 0x0000000000000000, Narrow klass shift: 3
Compressed class space size: 1073741824 Address: 0x0000000100000000

Heap:
 garbage-first heap   total 155648K, used 17321K [0x0000000082800000, 0x0000000100000000)
  region size 1024K, 4 young (4096K), 4 survivors (4096K)
 Metaspace       used 39314K, capacity 40579K, committed 40652K, reserved 1097728K
  class space    used 4960K, capacity 5480K, committed 5504K, reserved 1048576K
Heap Regions: E=young(eden), S=young(survivor), O=old, HS=humongous(starts), HC=humongous(continues), CS=collection set, F=free, A=archive, TAMS=top-at-mark-start (previous, next)
|   0|0x0000000082800000, 0x0000000082900000, 0x0000000082900000|100%|HS|  |TAMS 0x0000000082900000, 0x0000000082900000| Complete 
|   1|0x0000000082900000, 0x0000000082a00000, 0x0000000082a00000|100%| O|  |TAMS 0x0000000082a00000, 0x0000000082a00000| Untracked 
|   2|0x0000000082a00000, 0x0000000082b00000, 0x0000000082b00000|100%| O|  |TAMS 0x0000000082b00000, 0x0000000082b00000| Untracked 
|   3|0x0000000082b00000, 0x0000000082c00000, 0x0000000082c00000|100%| O|  |TAMS 0x0000000082c00000, 0x0000000082c00000| Untracked 
|   4|0x0000000082c00000, 0x0000000082d00000, 0x0000000082d00000|100%| O|  |TAMS 0x0000000082d00000, 0x0000000082d00000| Untracked 
|   5|0x0000000082d00000, 0x0000000082e00000, 0x0000000082e00000|100%| O|  |TAMS 0x0000000082e00000, 0x0000000082e00000| Untracked 
|   6|0x0000000082e00000, 0x0000000082f00000, 0x0000000082f00000|100%| O|  |TAMS 0x0000000082f00000, 0x0000000082f00000| Untracked 
|   7|0x0000000082f00000, 0x0000000083000000, 0x0000000083000000|100%| O|  |TAMS 0x0000000083000000, 0x0000000083000000| Untracked 
|   8|0x0000000083000000, 0x0000000083100000, 0x0000000083100000|100%| O|  |TAMS 0x0000000083100000, 0x0000000083100000| Untracked 
|   9|0x0000000083100000, 0x0000000083200000, 0x0000000083200000|100%| O|  |TAMS 0x0000000083200000, 0x0000000083200000| Untracked 
|  10|0x0000000083200000, 0x0000000083300000, 0x0000000083300000|100%| O|  |TAMS 0x0000000083300000, 0x0000000083300000| Untracked 
|  11|0x0000000083300000, 0x0000000083400000, 0x0000000083400000|100%| O|  |TAMS 0x0000000083400000, 0x0000000083400000| Untracked 
|  12|0x0000000083400000, 0x00000000834ea600, 0x0000000083500000| 91%| O|  |TAMS 0x00000000834ea600, 0x00000000834ea600| Untracked 
|  13|0x0000000083500000, 0x0000000083500000, 0x0000000083600000|  0%| F|  |TAMS 0x0000000083500000, 0x0000000083500000| Untracked 
|  14|0x0000000083600000, 0x0000000083600000, 0x0000000083700000|  0%| F|  |TAMS 0x0000000083600000, 0x0000000083600000| Untracked 
|  15|0x0000000083700000, 0x0000000083700000, 0x0000000083800000|  0%| F|  |TAMS 0x0000000083700000, 0x0000000083700000| Untracked 
|  16|0x0000000083800000, 0x0000000083800000, 0x0000000083900000|  0%| F|  |TAMS 0x0000000083800000, 0x0000000083800000| Untracked 
|  17|0x0000000083900000, 0x0000000083900000, 0x0000000083a00000|  0%| F|  |TAMS 0x0000000083900000, 0x0000000083900000| Untracked 
|  18|0x0000000083a00000, 0x0000000083a00000, 0x0000000083b00000|  0%| F|  |TAMS 0x0000000083a00000, 0x0000000083a00000| Untracked 
|  19|0x0000000083b00000, 0x0000000083b00000, 0x0000000083c00000|  0%| F|  |TAMS 0x0000000083b00000, 0x0000000083b00000| Untracked 
|  20|0x0000000083c00000, 0x0000000083c00000, 0x0000000083d00000|  0%| F|  |TAMS 0x0000000083c00000, 0x0000000083c00000| Untracked 
|  21|0x0000000083d00000, 0x0000000083d00000, 0x0000000083e00000|  0%| F|  |TAMS 0x0000000083d00000, 0x0000000083d00000| Untracked 
|  22|0x0000000083e00000, 0x0000000083e00000, 0x0000000083f00000|  0%| F|  |TAMS 0x0000000083e00000, 0x0000000083e00000| Untracked 
|  23|0x0000000083f00000, 0x0000000083f00000, 0x0000000084000000|  0%| F|  |TAMS 0x0000000083f00000, 0x0000000083f00000| Untracked 
|  24|0x0000000084000000, 0x0000000084000000, 0x0000000084100000|  0%| F|  |TAMS 0x0000000084000000, 0x0000000084000000| Untracked 
|  25|0x0000000084100000, 0x0000000084100000, 0x0000000084200000|  0%| F|  |TAMS 0x0000000084100000, 0x0000000084100000| Untracked 
|  26|0x0000000084200000, 0x0000000084200000, 0x0000000084300000|  0%| F|  |TAMS 0x0000000084200000, 0x0000000084200000| Untracked 
|  27|0x0000000084300000, 0x0000000084300000, 0x0000000084400000|  0%| F|  |TAMS 0x0000000084300000, 0x0000000084300000| Untracked 
|  28|0x0000000084400000, 0x0000000084400000, 0x0000000084500000|  0%| F|  |TAMS 0x0000000084400000, 0x0000000084400000| Untracked 
|  29|0x0000000084500000, 0x0000000084500000, 0x0000000084600000|  0%| F|  |TAMS 0x0000000084500000, 0x0000000084500000| Untracked 
|  30|0x0000000084600000, 0x0000000084600000, 0x0000000084700000|  0%| F|  |TAMS 0x0000000084600000, 0x0000000084600000| Untracked 
|  31|0x0000000084700000, 0x0000000084700000, 0x0000000084800000|  0%| F|  |TAMS 0x0000000084700000, 0x0000000084700000| Untracked 
|  32|0x0000000084800000, 0x0000000084800000, 0x0000000084900000|  0%| F|  |TAMS 0x0000000084800000, 0x0000000084800000| Untracked 
|  33|0x0000000084900000, 0x0000000084900000, 0x0000000084a00000|  0%| F|  |TAMS 0x0000000084900000, 0x0000000084900000| Untracked 
|  34|0x0000000084a00000, 0x0000000084a00000, 0x0000000084b00000|  0%| F|  |TAMS 0x0000000084a00000, 0x0000000084a00000| Untracked 
|  35|0x0000000084b00000, 0x0000000084b00000, 0x0000000084c00000|  0%| F|  |TAMS 0x0000000084b00000, 0x0000000084b00000| Untracked 
|  36|0x0000000084c00000, 0x0000000084c00000, 0x0000000084d00000|  0%| F|  |TAMS 0x0000000084c00000, 0x0000000084c00000| Untracked 
|  37|0x0000000084d00000, 0x0000000084d00000, 0x0000000084e00000|  0%| F|  |TAMS 0x0000000084d00000, 0x0000000084d00000| Untracked 
|  38|0x0000000084e00000, 0x0000000084e00000, 0x0000000084f00000|  0%| F|  |TAMS 0x0000000084e00000, 0x0000000084e00000| Untracked 
|  39|0x0000000084f00000, 0x0000000084f00000, 0x0000000085000000|  0%| F|  |TAMS 0x0000000084f00000, 0x0000000084f00000| Untracked 
|  40|0x0000000085000000, 0x0000000085000000, 0x0000000085100000|  0%| F|  |TAMS 0x0000000085000000, 0x0000000085000000| Untracked 
|  41|0x0000000085100000, 0x0000000085100000, 0x0000000085200000|  0%| F|  |TAMS 0x0000000085100000, 0x0000000085100000| Untracked 
|  42|0x0000000085200000, 0x0000000085200000, 0x0000000085300000|  0%| F|  |TAMS 0x0000000085200000, 0x0000000085200000| Untracked 
|  43|0x0000000085300000, 0x0000000085300000, 0x0000000085400000|  0%| F|  |TAMS 0x0000000085300000, 0x0000000085300000| Untracked 
|  44|0x0000000085400000, 0x0000000085400000, 0x0000000085500000|  0%| F|  |TAMS 0x0000000085400000, 0x0000000085400000| Untracked 
|  45|0x0000000085500000, 0x0000000085500000, 0x0000000085600000|  0%| F|  |TAMS 0x0000000085500000, 0x0000000085500000| Untracked 
|  46|0x0000000085600000, 0x0000000085600000, 0x0000000085700000|  0%| F|  |TAMS 0x0000000085600000, 0x0000000085600000| Untracked 
|  47|0x0000000085700000, 0x0000000085700000, 0x0000000085800000|  0%| F|  |TAMS 0x0000000085700000, 0x0000000085700000| Untracked 
|  48|0x0000000085800000, 0x0000000085800000, 0x0000000085900000|  0%| F|  |TAMS 0x0000000085800000, 0x0000000085800000| Untracked 
|  49|0x0000000085900000, 0x0000000085900000, 0x0000000085a00000|  0%| F|  |TAMS 0x0000000085900000, 0x0000000085900000| Untracked 
|  50|0x0000000085a00000, 0x0000000085a00000, 0x0000000085b00000|  0%| F|  |TAMS 0x0000000085a00000, 0x0000000085a00000| Untracked 
|  51|0x0000000085b00000, 0x0000000085b00000, 0x0000000085c00000|  0%| F|  |TAMS 0x0000000085b00000, 0x0000000085b00000| Untracked 
|  52|0x0000000085c00000, 0x0000000085c00000, 0x0000000085d00000|  0%| F|  |TAMS 0x0000000085c00000, 0x0000000085c00000| Untracked 
|  53|0x0000000085d00000, 0x0000000085d00000, 0x0000000085e00000|  0%| F|  |TAMS 0x0000000085d00000, 0x0000000085d00000| Untracked 
|  54|0x0000000085e00000, 0x0000000085e00000, 0x0000000085f00000|  0%| F|  |TAMS 0x0000000085e00000, 0x0000000085e00000| Untracked 
|  55|0x0000000085f00000, 0x0000000085f00000, 0x0000000086000000|  0%| F|  |TAMS 0x0000000085f00000, 0x0000000085f00000| Untracked 
|  56|0x0000000086000000, 0x0000000086000000, 0x0000000086100000|  0%| F|  |TAMS 0x0000000086000000, 0x0000000086000000| Untracked 
|  57|0x0000000086100000, 0x0000000086100000, 0x0000000086200000|  0%| F|  |TAMS 0x0000000086100000, 0x0000000086100000| Untracked 
|  58|0x0000000086200000, 0x0000000086200000, 0x0000000086300000|  0%| F|  |TAMS 0x0000000086200000, 0x0000000086200000| Untracked 
|  59|0x0000000086300000, 0x0000000086300000, 0x0000000086400000|  0%| F|  |TAMS 0x0000000086300000, 0x0000000086300000| Untracked 
|  60|0x0000000086400000, 0x0000000086400000, 0x0000000086500000|  0%| F|  |TAMS 0x0000000086400000, 0x0000000086400000| Untracked 
|  61|0x0000000086500000, 0x0000000086500000, 0x0000000086600000|  0%| F|  |TAMS 0x0000000086500000, 0x0000000086500000| Untracked 
|  62|0x0000000086600000, 0x0000000086600000, 0x0000000086700000|  0%| F|  |TAMS 0x0000000086600000, 0x0000000086600000| Untracked 
|  63|0x0000000086700000, 0x0000000086700000, 0x0000000086800000|  0%| F|  |TAMS 0x0000000086700000, 0x0000000086700000| Untracked 
|  64|0x0000000086800000, 0x0000000086800000, 0x0000000086900000|  0%| F|  |TAMS 0x0000000086800000, 0x0000000086800000| Untracked 
|  65|0x0000000086900000, 0x0000000086900000, 0x0000000086a00000|  0%| F|  |TAMS 0x0000000086900000, 0x0000000086900000| Untracked 
|  66|0x0000000086a00000, 0x0000000086a00000, 0x0000000086b00000|  0%| F|  |TAMS 0x0000000086a00000, 0x0000000086a00000| Untracked 
|  67|0x0000000086b00000, 0x0000000086b00000, 0x0000000086c00000|  0%| F|  |TAMS 0x0000000086b00000, 0x0000000086b00000| Untracked 
|  68|0x0000000086c00000, 0x0000000086c00000, 0x0000000086d00000|  0%| F|  |TAMS 0x0000000086c00000, 0x0000000086c00000| Untracked 
|  69|0x0000000086d00000, 0x0000000086d00000, 0x0000000086e00000|  0%| F|  |TAMS 0x0000000086d00000, 0x0000000086d00000| Untracked 
|  70|0x0000000086e00000, 0x0000000086e00000, 0x0000000086f00000|  0%| F|  |TAMS 0x0000000086e00000, 0x0000000086e00000| Untracked 
|  71|0x0000000086f00000, 0x0000000086f00000, 0x0000000087000000|  0%| F|  |TAMS 0x0000000086f00000, 0x0000000086f00000| Untracked 
|  72|0x0000000087000000, 0x0000000087000000, 0x0000000087100000|  0%| F|  |TAMS 0x0000000087000000, 0x0000000087000000| Untracked 
|  73|0x0000000087100000, 0x0000000087100000, 0x0000000087200000|  0%| F|  |TAMS 0x0000000087100000, 0x0000000087100000| Untracked 
|  74|0x0000000087200000, 0x0000000087200000, 0x0000000087300000|  0%| F|  |TAMS 0x0000000087200000, 0x0000000087200000| Untracked 
|  75|0x0000000087300000, 0x0000000087300000, 0x0000000087400000|  0%| F|  |TAMS 0x0000000087300000, 0x0000000087300000| Untracked 
|  76|0x0000000087400000, 0x0000000087400000, 0x0000000087500000|  0%| F|  |TAMS 0x0000000087400000, 0x0000000087400000| Untracked 
|  77|0x0000000087500000, 0x0000000087500000, 0x0000000087600000|  0%| F|  |TAMS 0x0000000087500000, 0x0000000087500000| Untracked 
|  78|0x0000000087600000, 0x0000000087600000, 0x0000000087700000|  0%| F|  |TAMS 0x0000000087600000, 0x0000000087600000| Untracked 
|  79|0x0000000087700000, 0x0000000087700000, 0x0000000087800000|  0%| F|  |TAMS 0x0000000087700000, 0x0000000087700000| Untracked 
|  80|0x0000000087800000, 0x0000000087800000, 0x0000000087900000|  0%| F|  |TAMS 0x0000000087800000, 0x0000000087800000| Untracked 
|  81|0x0000000087900000, 0x0000000087900000, 0x0000000087a00000|  0%| F|  |TAMS 0x0000000087900000, 0x0000000087900000| Untracked 
|  82|0x0000000087a00000, 0x0000000087a00000, 0x0000000087b00000|  0%| F|  |TAMS 0x0000000087a00000, 0x0000000087a00000| Untracked 
|  83|0x0000000087b00000, 0x0000000087b00000, 0x0000000087c00000|  0%| F|  |TAMS 0x0000000087b00000, 0x0000000087b00000| Untracked 
|  84|0x0000000087c00000, 0x0000000087c00000, 0x0000000087d00000|  0%| F|  |TAMS 0x0000000087c00000, 0x0000000087c00000| Untracked 
|  85|0x0000000087d00000, 0x0000000087d00000, 0x0000000087e00000|  0%| F|  |TAMS 0x0000000087d00000, 0x0000000087d00000| Untracked 
|  86|0x0000000087e00000, 0x0000000087e00000, 0x0000000087f00000|  0%| F|  |TAMS 0x0000000087e00000, 0x0000000087e00000| Untracked 
|  87|0x0000000087f00000, 0x0000000087f00000, 0x0000000088000000|  0%| F|  |TAMS 0x0000000087f00000, 0x0000000087f00000| Untracked 
|  88|0x0000000088000000, 0x0000000088000000, 0x0000000088100000|  0%| F|  |TAMS 0x0000000088000000, 0x0000000088000000| Untracked 
|  89|0x0000000088100000, 0x0000000088100000, 0x0000000088200000|  0%| F|  |TAMS 0x0000000088100000, 0x0000000088100000| Untracked 
|  90|0x0000000088200000, 0x0000000088200000, 0x0000000088300000|  0%| F|  |TAMS 0x0000000088200000, 0x0000000088200000| Untracked 
|  91|0x0000000088300000, 0x0000000088300000, 0x0000000088400000|  0%| F|  |TAMS 0x0000000088300000, 0x0000000088300000| Untracked 
|  92|0x0000000088400000, 0x0000000088400000, 0x0000000088500000|  0%| F|  |TAMS 0x0000000088400000, 0x0000000088400000| Untracked 
|  93|0x0000000088500000, 0x0000000088500000, 0x0000000088600000|  0%| F|  |TAMS 0x0000000088500000, 0x0000000088500000| Untracked 
|  94|0x0000000088600000, 0x0000000088600000, 0x0000000088700000|  0%| F|  |TAMS 0x0000000088600000, 0x0000000088600000| Untracked 
|  95|0x0000000088700000, 0x0000000088700000, 0x0000000088800000|  0%| F|  |TAMS 0x0000000088700000, 0x0000000088700000| Untracked 
|  96|0x0000000088800000, 0x0000000088800000, 0x0000000088900000|  0%| F|  |TAMS 0x0000000088800000, 0x0000000088800000| Untracked 
|  97|0x0000000088900000, 0x0000000088900000, 0x0000000088a00000|  0%| F|  |TAMS 0x0000000088900000, 0x0000000088900000| Untracked 
|  98|0x0000000088a00000, 0x0000000088a00000, 0x0000000088b00000|  0%| F|  |TAMS 0x0000000088a00000, 0x0000000088a00000| Untracked 
|  99|0x0000000088b00000, 0x0000000088b00000, 0x0000000088c00000|  0%| F|  |TAMS 0x0000000088b00000, 0x0000000088b00000| Untracked 
| 100|0x0000000088c00000, 0x0000000088c00000, 0x0000000088d00000|  0%| F|  |TAMS 0x0000000088c00000, 0x0000000088c00000| Untracked 
| 101|0x0000000088d00000, 0x0000000088d00000, 0x0000000088e00000|  0%| F|  |TAMS 0x0000000088d00000, 0x0000000088d00000| Untracked 
| 102|0x0000000088e00000, 0x0000000088e00000, 0x0000000088f00000|  0%| F|  |TAMS 0x0000000088e00000, 0x0000000088e00000| Untracked 
| 103|0x0000000088f00000, 0x0000000088f00000, 0x0000000089000000|  0%| F|  |TAMS 0x0000000088f00000, 0x0000000088f00000| Untracked 
| 104|0x0000000089000000, 0x0000000089000000, 0x0000000089100000|  0%| F|  |TAMS 0x0000000089000000, 0x0000000089000000| Untracked 
| 105|0x0000000089100000, 0x0000000089100000, 0x0000000089200000|  0%| F|  |TAMS 0x0000000089100000, 0x0000000089100000| Untracked 
| 106|0x0000000089200000, 0x0000000089200000, 0x0000000089300000|  0%| F|  |TAMS 0x0000000089200000, 0x0000000089200000| Untracked 
| 107|0x0000000089300000, 0x0000000089300000, 0x0000000089400000|  0%| F|  |TAMS 0x0000000089300000, 0x0000000089300000| Untracked 
| 108|0x0000000089400000, 0x0000000089400000, 0x0000000089500000|  0%| F|  |TAMS 0x0000000089400000, 0x0000000089400000| Untracked 
| 109|0x0000000089500000, 0x0000000089500000, 0x0000000089600000|  0%| F|  |TAMS 0x0000000089500000, 0x0000000089500000| Untracked 
| 110|0x0000000089600000, 0x0000000089600000, 0x0000000089700000|  0%| F|  |TAMS 0x0000000089600000, 0x0000000089600000| Untracked 
| 111|0x0000000089700000, 0x0000000089700000, 0x0000000089800000|  0%| F|  |TAMS 0x0000000089700000, 0x0000000089700000| Untracked 
| 112|0x0000000089800000, 0x0000000089900000, 0x0000000089900000|100%| S|CS|TAMS 0x0000000089800000, 0x0000000089800000| Complete 
| 113|0x0000000089900000, 0x0000000089a00000, 0x0000000089a00000|100%| S|CS|TAMS 0x0000000089900000, 0x0000000089900000| Complete 
| 114|0x0000000089a00000, 0x0000000089b00000, 0x0000000089b00000|100%| S|CS|TAMS 0x0000000089a00000, 0x0000000089a00000| Complete 
| 115|0x0000000089b00000, 0x0000000089c00000, 0x0000000089c00000|100%| S|CS|TAMS 0x0000000089b00000, 0x0000000089b00000| Complete 
| 116|0x0000000089c00000, 0x0000000089c00000, 0x0000000089d00000|  0%| F|  |TAMS 0x0000000089c00000, 0x0000000089c00000| Untracked 
| 117|0x0000000089d00000, 0x0000000089d00000, 0x0000000089e00000|  0%| F|  |TAMS 0x0000000089d00000, 0x0000000089d00000| Untracked 
| 118|0x0000000089e00000, 0x0000000089e00000, 0x0000000089f00000|  0%| F|  |TAMS 0x0000000089e00000, 0x0000000089e00000| Untracked 
| 119|0x0000000089f00000, 0x0000000089f00000, 0x000000008a000000|  0%| F|  |TAMS 0x0000000089f00000, 0x0000000089f00000| Untracked 
| 120|0x000000008a000000, 0x000000008a000000, 0x000000008a100000|  0%| F|  |TAMS 0x000000008a000000, 0x000000008a000000| Untracked 
| 121|0x000000008a100000, 0x000000008a100000, 0x000000008a200000|  0%| F|  |TAMS 0x000000008a100000, 0x000000008a100000| Untracked 
| 122|0x000000008a200000, 0x000000008a200000, 0x000000008a300000|  0%| F|  |TAMS 0x000000008a200000, 0x000000008a200000| Untracked 
| 123|0x000000008a300000, 0x000000008a300000, 0x000000008a400000|  0%| F|  |TAMS 0x000000008a300000, 0x000000008a300000| Untracked 
| 124|0x000000008a400000, 0x000000008a400000, 0x000000008a500000|  0%| F|  |TAMS 0x000000008a400000, 0x000000008a400000| Untracked 
| 125|0x000000008a500000, 0x000000008a500000, 0x000000008a600000|  0%| F|  |TAMS 0x000000008a500000, 0x000000008a500000| Untracked 

Card table byte_map: [0x000001b7ad9e0000,0x000001b7addd0000] _byte_map_base: 0x000001b7ad5cc000

Marking Bits (Prev, Next): (CMBitMap*) 0x000001b7940cc240, (CMBitMap*) 0x000001b7940cc208
 Prev Bits: [0x000001b7b0120000, 0x000001b7b2080000)
 Next Bits: [0x000001b7ae1c0000, 0x000001b7b0120000)

Polling page: 0x000001b794160000

Metaspace:

Usage:
  Non-class:     34.28 MB capacity,    33.55 MB ( 98%) used,   601.29 KB (  2%) free+waste,   143.56 KB ( <1%) overhead. 
      Class:      5.35 MB capacity,     4.84 MB ( 91%) used,   448.14 KB (  8%) free+waste,    71.75 KB (  1%) overhead. 
       Both:     39.63 MB capacity,    38.39 MB ( 97%) used,     1.02 MB (  3%) free+waste,   215.31 KB ( <1%) overhead. 

Virtual space:
  Non-class space:       48.00 MB reserved,      34.32 MB ( 72%) committed 
      Class space:        1.00 GB reserved,       5.38 MB ( <1%) committed 
             Both:        1.05 GB reserved,      39.70 MB (  4%) committed 

Chunk freelists:
   Non-Class:  6.13 KB
       Class:  3.00 KB
        Both:  9.13 KB

CodeHeap 'non-profiled nmethods': size=238336Kb used=6227Kb max_used=6227Kb free=232108Kb
 bounds [0x000001b79e2c0000, 0x000001b79e8e0000, 0x000001b7acb80000]
CodeHeap 'non-nmethods': size=7424Kb used=2857Kb max_used=2857Kb free=4566Kb
 bounds [0x000001b79db80000, 0x000001b79de50000, 0x000001b79e2c0000]
 total_blobs=4371 nmethods=3845 adapters=430
 compilation: enabled
              stopped_count=0, restarted_count=0
 full_count=0

Compilation events (10 events):
Event: 3.738 Thread 0x000001b7b5e6e800 nmethod 3841 0x000001b79e8d1d90 code [0x000001b79e8d1f80, 0x000001b79e8d2350]
Event: 3.738 Thread 0x000001b7b5e6e800 3844       1       org.springframework.cglib.core.ClassEmitter::begin_method (186 bytes)
Event: 3.738 Thread 0x000001b7b4b84800 nmethod 3837 0x000001b79e8d2510 code [0x000001b79e8d26c0, 0x000001b79e8d2850]
Event: 3.738 Thread 0x000001b7b5624000 nmethod 3843 0x000001b79e8d2910 code [0x000001b79e8d2ac0, 0x000001b79e8d2c78]
Event: 3.738 Thread 0x000001b7b5624000 3847       1       org.springframework.cglib.core.LocalVariablesSorter$State::<init> (5 bytes)
Event: 3.738 Thread 0x000001b7b4b84800 3845       1       org.springframework.cglib.core.CodeEmitter::<init> (37 bytes)
Event: 3.738 Thread 0x000001b7b5624000 nmethod 3847 0x000001b79e8d2d10 code [0x000001b79e8d2ec0, 0x000001b79e8d30b8]
Event: 3.738 Thread 0x000001b7b4b84800 nmethod 3845 0x000001b79e8d3190 code [0x000001b79e8d3360, 0x000001b79e8d3640]
Event: 3.738 Thread 0x000001b7b5c79000 nmethod 3848 0x000001b79e8d3790 code [0x000001b79e8d3940, 0x000001b79e8d3b70]
Event: 3.738 Thread 0x000001b7b5e6e800 nmethod 3844 0x000001b79e8d3c10 code [0x000001b79e8d3ee0, 0x000001b79e8d49b0]

GC Heap History (10 events):
Event: 2.743 GC heap after
{Heap after GC invocations=5 (full 0):
 garbage-first heap   total 129024K, used 11766K [0x0000000082800000, 0x0000000100000000)
  region size 1024K, 4 young (4096K), 4 survivors (4096K)
 Metaspace       used 26424K, capacity 27133K, committed 27392K, reserved 1073152K
  class space    used 3228K, capacity 3506K, committed 3584K, reserved 1048576K
}
Event: 3.113 GC heap before
{Heap before GC invocations=5 (full 0):
 garbage-first heap   total 129024K, used 76278K [0x0000000082800000, 0x0000000100000000)
  region size 1024K, 68 young (69632K), 4 survivors (4096K)
 Metaspace       used 31174K, capacity 32182K, committed 32512K, reserved 1077248K
  class space    used 3853K, capacity 4236K, committed 4352K, reserved 1048576K
}
Event: 3.119 GC heap after
{Heap after GC invocations=6 (full 0):
 garbage-first heap   total 129024K, used 13896K [0x0000000082800000, 0x0000000100000000)
  region size 1024K, 6 young (6144K), 6 survivors (6144K)
 Metaspace       used 31174K, capacity 32182K, committed 32512K, reserved 1077248K
  class space    used 3853K, capacity 4236K, committed 4352K, reserved 1048576K
}
Event: 3.340 GC heap before
{Heap before GC invocations=6 (full 0):
 garbage-first heap   total 129024K, used 40520K [0x0000000082800000, 0x0000000100000000)
  region size 1024K, 33 young (33792K), 6 survivors (6144K)
 Metaspace       used 34737K, capacity 35804K, committed 35840K, reserved 1081344K
  class space    used 4335K, capacity 4723K, committed 4736K, reserved 1048576K
}
Event: 3.348 GC heap after
{Heap after GC invocations=7 (full 0):
 garbage-first heap   total 129024K, used 15089K [0x0000000082800000, 0x0000000100000000)
  region size 1024K, 6 young (6144K), 6 survivors (6144K)
 Metaspace       used 34737K, capacity 35804K, committed 35840K, reserved 1081344K
  class space    used 4335K, capacity 4723K, committed 4736K, reserved 1048576K
}
Event: 3.636 GC heap before
{Heap before GC invocations=8 (full 0):
 garbage-first heap   total 129024K, used 84721K [0x0000000082800000, 0x0000000100000000)
  region size 1024K, 75 young (76800K), 6 survivors (6144K)
 Metaspace       used 38575K, capacity 39856K, committed 40012K, reserved 1091584K
  class space    used 4857K, capacity 5345K, committed 5376K, reserved 1048576K
}
Event: 3.644 GC heap after
{Heap after GC invocations=9 (full 0):
 garbage-first heap   total 129024K, used 17014K [0x0000000082800000, 0x0000000100000000)
  region size 1024K, 7 young (7168K), 7 survivors (7168K)
 Metaspace       used 38575K, capacity 39856K, committed 40012K, reserved 1091584K
  class space    used 4857K, capacity 5345K, committed 5376K, reserved 1048576K
}
Event: 3.681 GC heap before
{Heap before GC invocations=9 (full 0):
 garbage-first heap   total 129024K, used 20086K [0x0000000082800000, 0x0000000100000000)
  region size 1024K, 11 young (11264K), 7 survivors (7168K)
 Metaspace       used 39004K, capacity 40251K, committed 40396K, reserved 1099776K
  class space    used 4909K, capacity 5413K, committed 5504K, reserved 1048576K
}
Event: 3.689 GC heap after
{Heap after GC invocations=10 (full 0):
 garbage-first heap   total 129024K, used 17152K [0x0000000082800000, 0x0000000100000000)
  region size 1024K, 4 young (4096K), 4 survivors (4096K)
 Metaspace       used 39004K, capacity 40251K, committed 40396K, reserved 1099776K
  class space    used 4909K, capacity 5413K, committed 5504K, reserved 1048576K
}
Event: 3.739 GC heap before
{Heap before GC invocations=11 (full 0):
 garbage-first heap   total 129024K, used 22272K [0x0000000082800000, 0x0000000100000000)
  region size 1024K, 10 young (10240K), 4 survivors (4096K)
 Metaspace       used 39314K, capacity 40579K, committed 40652K, reserved 1097728K
  class space    used 4960K, capacity 5480K, committed 5504K, reserved 1048576K
}

Deoptimization events (0 events):
No events

Classes redefined (0 events):
No events

Internal exceptions (10 events):
Event: 3.406 Thread 0x000001b79408c000 Exception <a 'java/lang/ClassNotFoundException'{0x0000000089f20fb0}: org/springframework/beans/factory/AwareCustomizer> (0x0000000089f20fb0) thrown at [t:/workspace/open/src/hotspot/share/classfile/systemDictionary.cpp, line 231]
Event: 3.440 Thread 0x000001b79408c000 Exception <a 'java/lang/NoSuchMethodError'{0x0000000089c1e600}: java.lang.invoke.DirectMethodHandle$Holder.invokeSpecial(Ljava/lang/Object;Ljava/lang/Object;Ljava/lang/Object;Ljava/lang/Object;Ljava/lang/Object;)I> (0x0000000089c1e600) thrown at [t:/works
Event: 3.482 Thread 0x000001b79408c000 Exception <a 'java/lang/NoSuchMethodError'{0x0000000089977848}: java.lang.invoke.DirectMethodHandle$Holder.invokeInterface(Ljava/lang/Object;Ljava/lang/Object;I)V> (0x0000000089977848) thrown at [t:/workspace/open/src/hotspot/share/interpreter/linkResolve
Event: 3.484 Thread 0x000001b79408c000 Exception <a 'java/lang/IncompatibleClassChangeError'{0x00000000899c2c60}: Found class java.lang.Object, but interface was expected> (0x00000000899c2c60) thrown at [t:/workspace/open/src/hotspot/share/interpreter/linkResolver.cpp, line 856]
Event: 3.484 Thread 0x000001b79408c000 Exception <a 'java/lang/NoSuchMethodError'{0x00000000899c7ae0}: java.lang.invoke.DirectMethodHandle$Holder.invokeStatic(Ljava/lang/Object;ILjava/lang/Object;)V> (0x00000000899c7ae0) thrown at [t:/workspace/open/src/hotspot/share/interpreter/linkResolver.c
Event: 3.604 Thread 0x000001b7b7387800 Exception <a 'java/lang/reflect/InvocationTargetException'{0x0000000088489f20}> (0x0000000088489f20) thrown at [t:/workspace/open/src/hotspot/share/runtime/reflection.cpp, line 1242]
Event: 3.658 Thread 0x000001b79408c000 Exception <a 'java/io/FileNotFoundException'{0x000000008a45efc8}> (0x000000008a45efc8) thrown at [t:/workspace/open/src/hotspot/share/prims/jni.cpp, line 615]
Event: 3.680 Thread 0x000001b79408c000 Exception <a 'java/lang/NoSuchMethodError'{0x000000008a2d6960}: java.lang.invoke.DirectMethodHandle$Holder.invokeInterface(Ljava/lang/Object;Ljava/lang/Object;Ljava/lang/Object;Ljava/lang/Object;)I> (0x000000008a2d6960) thrown at [t:/workspace/open/src/ho
Event: 3.696 Thread 0x000001b79408c000 Exception <a 'java/lang/NoSuchMethodError'{0x000000008a55b000}: java.lang.invoke.DirectMethodHandle$Holder.invokeVirtual(Ljava/lang/Object;Ljava/lang/Object;Ljava/lang/Object;Ljava/lang/Object;)V> (0x000000008a55b000) thrown at [t:/workspace/open/src/hots
Event: 3.725 Thread 0x000001b79408c000 Exception <a 'java/io/FileNotFoundException'{0x000000008a22e0d8}> (0x000000008a22e0d8) thrown at [t:/workspace/open/src/hotspot/share/prims/jni.cpp, line 615]

Events (10 events):
Event: 3.735 loading class org/springframework/boot/autoconfigure/cache/CacheManagerCustomizer done
Event: 3.738 loading class org/springframework/data/redis/connection/RedisPassword
Event: 3.738 loading class org/springframework/data/redis/connection/RedisPassword done
Event: 3.738 loading class org/springframework/data/redis/PassThroughExceptionTranslationStrategy
Event: 3.738 loading class org/springframework/data/redis/PassThroughExceptionTranslationStrategy done
Event: 3.738 loading class org/springframework/data/redis/ExceptionTranslationStrategy
Event: 3.738 loading class org/springframework/data/redis/ExceptionTranslationStrategy done
Event: 3.738 loading class org/springframework/data/redis/connection/jedis/JedisConverters
Event: 3.738 loading class org/springframework/data/redis/connection/jedis/JedisConverters done
Event: 3.739 Executing VM operation: CollectForMetadataAllocation


Dynamic libraries:
0x00007ff701470000 - 0x00007ff7014b7000 	C:\Program Files\Java\jdk-11.0.1\bin\java.exe
0x00007ffb235f0000 - 0x00007ffb237e5000 	C:\WINDOWS\SYSTEM32\ntdll.dll
0x00007ffb21b40000 - 0x00007ffb21bfe000 	C:\WINDOWS\System32\KERNEL32.DLL
0x00007ffb21140000 - 0x00007ffb21409000 	C:\WINDOWS\System32\KERNELBASE.dll
0x00007ffb22520000 - 0x00007ffb225cc000 	C:\WINDOWS\System32\ADVAPI32.dll
0x00007ffb21e20000 - 0x00007ffb21ebe000 	C:\WINDOWS\System32\msvcrt.dll
0x00007ffb216d0000 - 0x00007ffb2176b000 	C:\WINDOWS\System32\sechost.dll
0x00007ffb23480000 - 0x00007ffb235aa000 	C:\WINDOWS\System32\RPCRT4.dll
0x00007ffb21770000 - 0x00007ffb21911000 	C:\WINDOWS\System32\USER32.dll
0x00007ffb20fb0000 - 0x00007ffb20fd2000 	C:\WINDOWS\System32\win32u.dll
0x00007ffb22000000 - 0x00007ffb2202b000 	C:\WINDOWS\System32\GDI32.dll
0x00007ffb20d10000 - 0x00007ffb20e1b000 	C:\WINDOWS\System32\gdi32full.dll
0x00007ffb21410000 - 0x00007ffb214ad000 	C:\WINDOWS\System32\msvcp_win.dll
0x00007ffb20e20000 - 0x00007ffb20f20000 	C:\WINDOWS\System32\ucrtbase.dll
0x00007ffaff350000 - 0x00007ffaff5ea000 	C:\WINDOWS\WinSxS\amd64_microsoft.windows.common-controls_6595b64144ccf1df_6.0.19041.1110_none_60b5254171f9507e\COMCTL32.dll
0x00007ffb1a3e0000 - 0x00007ffb1a3ea000 	C:\WINDOWS\SYSTEM32\VERSION.dll
0x00007ffb21ec0000 - 0x00007ffb21ef0000 	C:\WINDOWS\System32\IMM32.DLL
0x00007ffb1b630000 - 0x00007ffb1b646000 	C:\Program Files\Java\jdk-11.0.1\bin\vcruntime140.dll
0x00007ffafe160000 - 0x00007ffafe20a000 	C:\Program Files\Java\jdk-11.0.1\bin\msvcp140.dll
0x00007ffada270000 - 0x00007ffadadb2000 	C:\Program Files\Java\jdk-11.0.1\bin\server\jvm.dll
0x00007ffb225d0000 - 0x00007ffb225d8000 	C:\WINDOWS\System32\PSAPI.DLL
0x00007ffb0d190000 - 0x00007ffb0d199000 	C:\WINDOWS\SYSTEM32\WSOCK32.dll
0x00007ffb0e110000 - 0x00007ffb0e137000 	C:\WINDOWS\SYSTEM32\WINMM.dll
0x00007ffb21da0000 - 0x00007ffb21e0b000 	C:\WINDOWS\System32\WS2_32.dll
0x00007ffb1eb30000 - 0x00007ffb1eb42000 	C:\WINDOWS\SYSTEM32\kernel.appcore.dll
0x00007ffb1b610000 - 0x00007ffb1b621000 	C:\Program Files\Java\jdk-11.0.1\bin\verify.dll
0x00007ffb10360000 - 0x00007ffb10544000 	C:\WINDOWS\SYSTEM32\DBGHELP.DLL
0x00007ffb17f10000 - 0x00007ffb17f3c000 	C:\WINDOWS\SYSTEM32\dbgcore.DLL
0x00007ffb21500000 - 0x00007ffb21583000 	C:\WINDOWS\System32\bcryptPrimitives.dll
0x00007ffb13b10000 - 0x00007ffb13b39000 	C:\Program Files\Java\jdk-11.0.1\bin\java.dll
0x00007ffb13430000 - 0x00007ffb1345f000 	C:\Program Files\Java\jdk-11.0.1\bin\instrument.dll
0x00007ffb1a630000 - 0x00007ffb1a646000 	C:\Program Files\Java\jdk-11.0.1\bin\zip.dll
0x00007ffb1bf60000 - 0x00007ffb1bf6a000 	C:\Program Files\Java\jdk-11.0.1\bin\jimage.dll
0x00007ffb225e0000 - 0x00007ffb22d1f000 	C:\WINDOWS\System32\SHELL32.dll
0x00007ffb1ee10000 - 0x00007ffb1f5a0000 	C:\WINDOWS\SYSTEM32\windows.storage.dll
0x00007ffb22030000 - 0x00007ffb22385000 	C:\WINDOWS\System32\combase.dll
0x00007ffb20760000 - 0x00007ffb2078c000 	C:\WINDOWS\SYSTEM32\Wldp.dll
0x00007ffb21ef0000 - 0x00007ffb21f9d000 	C:\WINDOWS\System32\SHCORE.dll
0x00007ffb21d40000 - 0x00007ffb21d95000 	C:\WINDOWS\System32\shlwapi.dll
0x00007ffb20c50000 - 0x00007ffb20c6f000 	C:\WINDOWS\SYSTEM32\profapi.dll
0x00007ffb13280000 - 0x00007ffb13299000 	C:\Program Files\Java\jdk-11.0.1\bin\net.dll
0x00007ffb140e0000 - 0x00007ffb141e8000 	C:\WINDOWS\SYSTEM32\WINHTTP.dll
0x00007ffb204c0000 - 0x00007ffb2052a000 	C:\WINDOWS\system32\mswsock.dll
0x00007ffb13210000 - 0x00007ffb13223000 	C:\Program Files\Java\jdk-11.0.1\bin\nio.dll
0x00007ffb07de0000 - 0x00007ffb07dfa000 	D:\Intelij\IntelliJ IDEA 2021.2.3\bin\breakgen64.dll
0x00007ffb201a0000 - 0x00007ffb2026c000 	C:\WINDOWS\SYSTEM32\DNSAPI.dll
0x00007ffb20160000 - 0x00007ffb2019b000 	C:\WINDOWS\SYSTEM32\IPHLPAPI.DLL
0x00007ffb21e10000 - 0x00007ffb21e18000 	C:\WINDOWS\System32\NSI.dll
0x0000000050860000 - 0x0000000050886000 	C:\Program Files\Bonjour\mdnsNSP.dll
0x00007ffb14040000 - 0x00007ffb1404a000 	C:\Windows\System32\rasadhlp.dll
0x00007ffb13f30000 - 0x00007ffb13faf000 	C:\WINDOWS\System32\fwpuclnt.dll
0x00007ffb20f20000 - 0x00007ffb20f47000 	C:\WINDOWS\System32\bcrypt.dll
0x00007ffb1b8e0000 - 0x00007ffb1b8e9000 	C:\Program Files\Java\jdk-11.0.1\bin\management.dll
0x00007ffb1b8c0000 - 0x00007ffb1b8cc000 	C:\Program Files\Java\jdk-11.0.1\bin\management_ext.dll
0x00007ffb206b0000 - 0x00007ffb206c8000 	C:\WINDOWS\SYSTEM32\CRYPTSP.dll
0x00007ffb1fdd0000 - 0x00007ffb1fe04000 	C:\WINDOWS\system32\rsaenh.dll
0x00007ffb20c10000 - 0x00007ffb20c3e000 	C:\WINDOWS\SYSTEM32\USERENV.dll
0x00007ffb206d0000 - 0x00007ffb206dc000 	C:\WINDOWS\SYSTEM32\CRYPTBASE.dll
0x00007ffb19920000 - 0x00007ffb19937000 	C:\WINDOWS\SYSTEM32\dhcpcsvc6.DLL
0x00007ffb19900000 - 0x00007ffb1991d000 	C:\WINDOWS\SYSTEM32\dhcpcsvc.DLL
0x00007ffb06780000 - 0x00007ffb06797000 	C:\WINDOWS\system32\napinsp.dll
0x00007ffb01160000 - 0x00007ffb0117b000 	C:\WINDOWS\system32\pnrpnsp.dll
0x00007ffaff900000 - 0x00007ffaff915000 	C:\WINDOWS\system32\wshbth.dll
0x00007ffb1c8c0000 - 0x00007ffb1c8dd000 	C:\WINDOWS\system32\NLAapi.dll
0x00007ffaff8e0000 - 0x00007ffaff8f2000 	C:\WINDOWS\System32\winrnr.dll

dbghelp: loaded successfully - version: 4.0.5 - missing functions: none
symbol engine: initialized successfully - sym options: 0x614 - pdb path: .;C:\Program Files\Java\jdk-11.0.1\bin;C:\WINDOWS\SYSTEM32;C:\WINDOWS\WinSxS\amd64_microsoft.windows.common-controls_6595b64144ccf1df_6.0.19041.1110_none_60b5254171f9507e;C:\Program Files\Java\jdk-11.0.1\bin\server;D:\Intelij\IntelliJ IDEA 2021.2.3\bin;C:\Program Files\Bonjour

VM Arguments:
jvm_args: -XX:TieredStopAtLevel=1 -Xverify:none -Dspring.output.ansi.enabled=always -javaagent:D:\Intelij\IntelliJ IDEA 2021.2.3\lib\idea_rt.jar=52692:D:\Intelij\IntelliJ IDEA 2021.2.3\bin -Dcom.sun.management.jmxremote -Dspring.jmx.enabled=true -Dspring.liveBeansView.mbeanDomain -Dspring.application.admin.enabled=true -Dfile.encoding=UTF-8 
java_command: com.example.CrudapiApplication
java_class_path (initial): C:\Users\Dinh Duy\OneDrive\boot\CRUDAPI\target\classes;C:\Users\Dinh Duy\.m2\repository\org\springframework\boot\spring-boot-starter-data-jdbc\2.3.2.RELEASE\spring-boot-starter-data-jdbc-2.3.2.RELEASE.jar;C:\Users\Dinh Duy\.m2\repository\org\springframework\boot\spring-boot-starter-jdbc\2.3.2.RELEASE\spring-boot-starter-jdbc-2.3.2.RELEASE.jar;C:\Users\Dinh Duy\.m2\repository\com\zaxxer\HikariCP\3.4.5\HikariCP-3.4.5.jar;C:\Users\Dinh Duy\.m2\repository\org\springframework\spring-jdbc\5.2.8.RELEASE\spring-jdbc-5.2.8.RELEASE.jar;C:\Users\Dinh Duy\.m2\repository\org\springframework\data\spring-data-jdbc\2.0.2.RELEASE\spring-data-jdbc-2.0.2.RELEASE.jar;C:\Users\Dinh Duy\.m2\repository\org\springframework\data\spring-data-relational\2.0.2.RELEASE\spring-data-relational-2.0.2.RELEASE.jar;C:\Users\Dinh Duy\.m2\repository\org\springframework\data\spring-data-commons\2.3.2.RELEASE\spring-data-commons-2.3.2.RELEASE.jar;C:\Users\Dinh Duy\.m2\repository\org\springframework\spring-tx\5.2.8.RELEASE\spring-tx-5.2.8.RELEASE.jar;C:\Users\Dinh Duy\.m2\repository\org\springframework\spring-context\5.2.8.RELEASE\spring-context-5.2.8.RELEASE.jar;C:\Users\Dinh Duy\.m2\repository\org\springframework\spring-expression\5.2.8.RELEASE\spring-expression-5.2.8.RELEASE.jar;C:\Users\Dinh Duy\.m2\repository\org\springframework\spring-beans\5.2.8.RELEASE\spring-beans-5.2.8.RELEASE.jar;C:\Users\Dinh Duy\.m2\repository\commons-io\commons-io\1.3.2\commons-io-1.3.2.jar;C:\Users\Dinh Duy\.m2\repository\org\springframework\boot\spring-boot-starter-validation\2.3.2.RELEASE\spring-boot-starter-validation-2.3.2.RELEASE.jar;C:\Users\Dinh Duy\.m2\repository\org\springframework\boot\spring-boot-starter\2.3.2.RELEASE\spring-boot-starter-2.3.2.RELEASE.jar;C:\Users\Dinh Duy\.m2\repository\org\springframework\boot\spring-boot\2.3.2.RELEASE\spring-boot-2.3.2.RELEASE.jar;C:\Users\Dinh Duy\.m2\repository\org\springframework\boot\spring-boot-autoconfigure\2.3.2.RELEASE\spring-boot-autoconfi
Launcher Type: SUN_STANDARD

[Global flags]
     bool BytecodeVerificationLocal                = false                                     {product} {command line}
     bool BytecodeVerificationRemote               = false                                     {product} {command line}
     intx CICompilerCount                          = 4                                         {product} {ergonomic}
     uint ConcGCThreads                            = 2                                         {product} {ergonomic}
     uint G1ConcRefinementThreads                  = 8                                         {product} {ergonomic}
   size_t G1HeapRegionSize                         = 1048576                                   {product} {ergonomic}
    uintx GCDrainStackTargetSize                   = 64                                        {product} {ergonomic}
   size_t InitialHeapSize                          = 132120576                                 {product} {ergonomic}
     bool ManagementServer                         = true                                      {product} {command line}
   size_t MarkStackSize                            = 4194304                                   {product} {ergonomic}
   size_t MaxHeapSize                              = 2105540608                                {product} {ergonomic}
   size_t MaxNewSize                               = 1262485504                                {product} {ergonomic}
   size_t MinHeapDeltaBytes                        = 1048576                                   {product} {ergonomic}
    uintx NonNMethodCodeHeapSize                   = 7549744                                {pd product} {ergonomic}
    uintx NonProfiledCodeHeapSize                  = 244108496                              {pd product} {ergonomic}
    uintx ProfiledCodeHeapSize                     = 0                                      {pd product} {ergonomic}
    uintx ReservedCodeCacheSize                    = 251658240                              {pd product} {ergonomic}
     bool SegmentedCodeCache                       = true                                      {product} {ergonomic}
     intx TieredStopAtLevel                        = 1                                         {product} {command line}
     bool UseCompressedClassPointers               = true                                 {lp64_product} {ergonomic}
     bool UseCompressedOops                        = true                                 {lp64_product} {ergonomic}
     bool UseG1GC                                  = true                                      {product} {ergonomic}
     bool UseLargePagesIndividualAllocation        = false                                  {pd product} {ergonomic}

Logging:
Log output configuration:
 #0: stdout all=warning uptime,level,tags
 #1: stderr all=off uptime,level,tags

Environment Variables:
JAVA_HOME=C:\Program Files\Java\jdk-15
PATH=D:\App\orealce\product\19c\db_home1\bin;C:\laptrinh\mingw\mingw32\bin;C:\Program Files (x86)\PC Connectivity Solution\;C:\Program Files\Common Files\Oracle\Java\javapath;C:\Windows\system32;C:\Windows;C:\Windows\System32\Wbem;C:\Windows\System32\WindowsPowerShell\v1.0\;C:\Windows\System32\OpenSSH\;C:\Program Files (x86)\Intel\Intel(R) Management Engine Components\DAL;C:\Program Files\Intel\Intel(R) Management Engine Components\DAL;C:\Program Files (x86)\NVIDIA Corporation\PhysX\Common;C:\Program Files\NVIDIA Corporation\NVIDIA NvDLISR;C:\WINDOWS\system32;C:\WINDOWS;C:\WINDOWS\System32\Wbem;C:\WINDOWS\System32\WindowsPowerShell\v1.0\;C:\WINDOWS\System32\OpenSSH\;C:\Program Files\Microsoft SQL Server\Client SDK\ODBC\170\Tools\Binn\;C:\Program Files (x86)\Microsoft SQL Server\150\Tools\Binn\;C:\Program Files\Microsoft SQL Server\150\Tools\Binn\;C:\Program Files\Microsoft SQL Server\150\DTS\Binn\;C:\Program Files\Java\jdk-15\bin;D:\Git\Git\cmd;D:\Git\Git\mingw64\bin;D:\Git\Git\usr\bin;C:\Users\Dinh Duy\AppData\Local\Microsoft\WindowsApps;C:\Users\Dinh Duy\AppData\Local\GitHubDesktop\bin;D:\Intelij\IntelliJ IDEA 2021.2.3\bin;
USERNAME=Dinh Duy
OS=Windows_NT
PROCESSOR_IDENTIFIER=Intel64 Family 6 Model 158 Stepping 10, GenuineIntel



---------------  S Y S T E M  ---------------

OS: Windows 10 , 64 bit Build 19041 (10.0.19041.1202)

CPU:total 8 (initial active 8) (4 cores per cpu, 2 threads per core) family 6 model 158 stepping 10, cmov, cx8, fxsr, mmx, sse, sse2, sse3, ssse3, sse4.1, sse4.2, popcnt, avx, avx2, aes, clmul, erms, 3dnowpref, lzcnt, ht, tsc, tscinvbit, bmi1, bmi2, adx, fma

Memory: 4k page, system-wide physical 8029M (479M free)
TotalPageFile size 20352M (AvailPageFile size 2M)
current process WorkingSet (physical memory assigned to process): 189M, peak: 189M
current process commit charge ("private bytes"): 263M, peak: 289M

vm_info: Java HotSpot(TM) 64-Bit Server VM (11.0.1+13-LTS) for windows-amd64 JRE (11.0.1+13-LTS), built on Oct  6 2018 13:20:16 by "mach5one" with MS VC++ 15.5 (VS2017)

END.
