#
# There is insufficient memory for the Java Runtime Environment to continue.
# Native memory allocation (malloc) failed to allocate 1048576 bytes for AllocateHeap
# Possible reasons:
#   The system is out of physical RAM or swap space
#   The process is running with CompressedOops enabled, and the Java Heap may be blocking the growth of the native heap
# Possible solutions:
#   Reduce memory load on the system
#   Increase physical memory or swap space
#   Check if swap backing store is full
#   Decrease Java heap size (-Xmx/-Xms)
#   Decrease number of Java threads
#   Decrease Java thread stack sizes (-Xss)
#   Set larger code cache with -XX:ReservedCodeCacheSize=
#   JVM is running with Unscaled Compressed Oops mode in which the Java heap is
#     placed in the first 4GB address space. The Java Heap base address is the
#     maximum limit for the native heap growth. Please use -XX:HeapBaseMinAddress
#     to set the Java Heap base and to place the Java Heap above 4GB virtual address.
# This output file may be truncated or incomplete.
#
#  Out of Memory Error (t:/workspace/open/src/hotspot/share/memory/allocation.cpp:46), pid=19824, tid=18712
#
# JRE version: Java(TM) SE Runtime Environment (11.0.1+13) (build 11.0.1+13-LTS)
# Java VM: Java HotSpot(TM) 64-Bit Server VM (11.0.1+13-LTS, mixed mode, tiered, compressed oops, g1 gc, windows-amd64)
# No core dump will be written. Minidumps are not enabled by default on client versions of Windows
#

---------------  S U M M A R Y ------------

Command Line: -XX:TieredStopAtLevel=1 -Xverify:none -Dspring.output.ansi.enabled=always -javaagent:D:\Intelij\IntelliJ IDEA 2021.2.3\lib\idea_rt.jar=52662:D:\Intelij\IntelliJ IDEA 2021.2.3\bin -Dcom.sun.management.jmxremote -Dspring.jmx.enabled=true -Dspring.liveBeansView.mbeanDomain -Dspring.application.admin.enabled=true -Dfile.encoding=UTF-8 com.example.CrudapiApplication

Host: Intel(R) Core(TM) i5-9300H CPU @ 2.40GHz, 8 cores, 7G,  Windows 10 , 64 bit Build 19041 (10.0.19041.1202)
Time: Wed Nov  3 17:04:42 2021 SE Asia Standard Time elapsed time: 4 seconds (0d 0h 0m 4s)

---------------  T H R E A D  ---------------

Current thread (0x000001cc9fbc1000):  VMThread "VM Thread" [stack: 0x00000079a8700000,0x00000079a8800000] [id=18712]

Stack: [0x00000079a8700000,0x00000079a8800000]
[error occurred during error reporting (printing stack bounds), id 0xc0000005, EXCEPTION_ACCESS_VIOLATION (0xc0000005) at pc=0x000001cc89660bad]

Native frames: (J=compiled Java code, j=interpreted, Vv=VM code, C=native code)
V  [jvm.dll+0x63c21a]
V  [jvm.dll+0x7797df]
V  [jvm.dll+0x77adca]
V  [jvm.dll+0x77b3e5]
V  [jvm.dll+0x77b39b]
V  [jvm.dll+0x63b916]
V  [jvm.dll+0x63bce8]
C  [ntdll.dll+0xa20cf]
C  [ntdll.dll+0x51454]
C  [ntdll.dll+0xa0bfe]
C  0x000001cc89660bad

VM_Operation (0x00000079aa3fc780): CollectForMetadataAllocation, mode: safepoint, requested by thread 0x000001cca296d800


---------------  P R O C E S S  ---------------

Threads class SMR info:
_java_thread_list=0x000001cca4668920, length=24, elements={
0x000001ccff09d800, 0x000001cc9fbe9800, 0x000001cc9fbf4800, 0x000001cc9fc03800,
0x000001cc9fc04800, 0x000001cc9fc06800, 0x000001cca056b800, 0x000001cc9fb7e000,
0x000001cca0695000, 0x000001cca0bd5800, 0x000001cca0bd6800, 0x000001cca0d3a000,
0x000001cca0f7f800, 0x000001cca2362800, 0x000001cca215b000, 0x000001cca26d7800,
0x000001cca2784800, 0x000001cca277f800, 0x000001cca2780800, 0x000001cca2814800,
0x000001cca283d800, 0x000001cca29ce800, 0x000001cca296d800, 0x000001cca45df800
}

Java Threads: ( => current thread )
  0x000001ccff09d800 JavaThread "main" [_thread_blocked, id=20216, stack(0x00000079a8100000,0x00000079a8200000)]
  0x000001cc9fbe9800 JavaThread "Reference Handler" daemon [_thread_blocked, id=5400, stack(0x00000079a8800000,0x00000079a8900000)]
  0x000001cc9fbf4800 JavaThread "Finalizer" daemon [_thread_blocked, id=1580, stack(0x00000079a8900000,0x00000079a8a00000)]
  0x000001cc9fc03800 JavaThread "Signal Dispatcher" daemon [_thread_blocked, id=10208, stack(0x00000079a8a00000,0x00000079a8b00000)]
  0x000001cc9fc04800 JavaThread "Attach Listener" daemon [_thread_blocked, id=16804, stack(0x00000079a8b00000,0x00000079a8c00000)]
  0x000001cc9fc06800 JavaThread "C1 CompilerThread0" daemon [_thread_blocked, id=18560, stack(0x00000079a8c00000,0x00000079a8d00000)]
  0x000001cca056b800 JavaThread "Sweeper thread" daemon [_thread_blocked, id=10948, stack(0x00000079a8d00000,0x00000079a8e00000)]
  0x000001cc9fb7e000 JavaThread "Common-Cleaner" daemon [_thread_blocked, id=3440, stack(0x00000079a8e00000,0x00000079a8f00000)]
  0x000001cca0695000 JavaThread "C1 CompilerThread1" daemon [_thread_blocked, id=14120, stack(0x00000079a8f00000,0x00000079a9000000)]
  0x000001cca0bd5800 JavaThread "Monitor Ctrl-Break" daemon [_thread_in_native, id=1144, stack(0x00000079a9000000,0x00000079a9100000)]
  0x000001cca0bd6800 JavaThread "Service Thread" daemon [_thread_blocked, id=9144, stack(0x00000079a9100000,0x00000079a9200000)]
  0x000001cca0d3a000 JavaThread "RMI TCP Accept-0" daemon [_thread_in_native, id=15996, stack(0x00000079a9200000,0x00000079a9300000)]
  0x000001cca0f7f800 JavaThread "C1 CompilerThread2" daemon [_thread_blocked, id=11768, stack(0x00000079a9400000,0x00000079a9500000)]
  0x000001cca2362800 JavaThread "RMI TCP Connection(idle)" daemon [_thread_blocked, id=5784, stack(0x00000079a9700000,0x00000079a9800000)]
  0x000001cca215b000 JavaThread "RMI Scheduler(0)" daemon [_thread_blocked, id=16500, stack(0x00000079a9a00000,0x00000079a9b00000)]
  0x000001cca26d7800 JavaThread "C1 CompilerThread3" daemon [_thread_blocked, id=4672, stack(0x00000079a9b00000,0x00000079a9c00000)]
  0x000001cca2784800 JavaThread "Catalina-utility-1" [_thread_blocked, id=4864, stack(0x00000079a9c00000,0x00000079a9d00000)]
  0x000001cca277f800 JavaThread "Catalina-utility-2" [_thread_blocked, id=4992, stack(0x00000079a9d00000,0x00000079a9e00000)]
  0x000001cca2780800 JavaThread "container-0" [_thread_blocked, id=292, stack(0x00000079a9e00000,0x00000079a9f00000)]
  0x000001cca2814800 JavaThread "commons-pool-evictor-thread" daemon [_thread_blocked, id=15556, stack(0x00000079a9f00000,0x00000079aa000000)]
  0x000001cca283d800 JavaThread "mysql-cj-abandoned-connection-cleanup" daemon [_thread_blocked, id=1120, stack(0x00000079aa000000,0x00000079aa100000)]
  0x000001cca29ce800 JavaThread "HikariPool-1 housekeeper" daemon [_thread_blocked, id=7332, stack(0x00000079aa200000,0x00000079aa300000)]
  0x000001cca296d800 JavaThread "task-1" [_thread_blocked, id=13872, stack(0x00000079aa300000,0x00000079aa400000)]
  0x000001cca45df800 JavaThread "HikariPool-1 connection adder" daemon [_thread_blocked, id=1404, stack(0x00000079aa400000,0x00000079aa500000)]

Other Threads:
=>0x000001cc9fbc1000 VMThread "VM Thread" [stack: 0x00000079a8700000,0x00000079a8800000] [id=18712]
  0x000001cca0d70800 WatcherThread [stack: 0x00000079a9300000,0x00000079a9400000] [id=19984]
  0x000001ccff0b3000 GCTaskThread "GC Thread#0" [stack: 0x00000079a8200000,0x00000079a8300000] [id=14524]
  0x000001cca0f5c800 GCTaskThread "GC Thread#1" [stack: 0x00000079a9500000,0x00000079a9600000] [id=15868]
  0x000001cca1ae6800 GCTaskThread "GC Thread#2" [stack: 0x00000079a9600000,0x00000079a9700000] [id=6452]
  0x000001cca0d53800 GCTaskThread "GC Thread#3" [stack: 0x00000079a9800000,0x00000079a9900000] [id=20128]
  0x000001cca4713800 GCTaskThread "GC Thread#4" [stack: 0x00000079aa500000,0x00000079aa600000] [id=17388]
  0x000001cca4715000 GCTaskThread "GC Thread#5" [stack: 0x00000079aa600000,0x00000079aa700000] [id=11700]
  0x000001cca471a000 GCTaskThread "GC Thread#6" [stack: 0x00000079aa700000,0x00000079aa800000] [id=4132]
  0x000001cca471a800 GCTaskThread "GC Thread#7" [stack: 0x00000079aa800000,0x00000079aa900000] [id=15148]
  0x000001ccff0e3000 ConcurrentGCThread "G1 Main Marker" [stack: 0x00000079a8300000,0x00000079a8400000] [id=9072]
  0x000001ccff0e4800 ConcurrentGCThread "G1 Conc#0" [stack: 0x00000079a8400000,0x00000079a8500000] [id=12116]
  0x000001cca1db0800 ConcurrentGCThread "G1 Conc#1" [stack: 0x00000079a9900000,0x00000079a9a00000] [id=6544]
  0x000001cc9fa30800 ConcurrentGCThread "G1 Refine#0" [stack: 0x00000079a8500000,0x00000079a8600000] [id=3144]
  0x000001cc9fa31000 ConcurrentGCThread "G1 Young RemSet Sampling" [stack: 0x00000079a8600000,0x00000079a8700000] [id=19688]

Threads with active compile tasks:

VM state:at safepoint (normal execution)

VM Mutex/Monitor currently owned by a thread:  ([mutex/lock_event])
[0x000001ccff09cd40] Threads_lock - owner thread: 0x000001cc9fbc1000
[0x000001ccff09ccb0] Heap_lock - owner thread: 0x000001cca296d800

Heap address: 0x0000000082800000, size: 2008 MB, Compressed Oops mode: 32-bit
Narrow klass base: 0x0000000000000000, Narrow klass shift: 3
Compressed class space size: 1073741824 Address: 0x0000000100000000

Heap:
 garbage-first heap   total 129024K, used 25850K [0x0000000082800000, 0x0000000100000000)
  region size 1024K, 9 young (9216K), 9 survivors (9216K)
 Metaspace       used 53829K, capacity 55383K, committed 55424K, reserved 1110016K
  class space    used 6886K, capacity 7517K, committed 7552K, reserved 1048576K
Heap Regions: E=young(eden), S=young(survivor), O=old, HS=humongous(starts), HC=humongous(continues), CS=collection set, F=free, A=archive, TAMS=top-at-mark-start (previous, next)
|   0|0x0000000082800000, 0x0000000082900000, 0x0000000082900000|100%|HS|  |TAMS 0x0000000082900000, 0x0000000082900000| Complete 
|   1|0x0000000082900000, 0x0000000082a00000, 0x0000000082a00000|100%| O|  |TAMS 0x0000000082a00000, 0x0000000082a00000| Untracked 
|   2|0x0000000082a00000, 0x0000000082b00000, 0x0000000082b00000|100%| O|  |TAMS 0x0000000082b00000, 0x0000000082b00000| Untracked 
|   3|0x0000000082b00000, 0x0000000082c00000, 0x0000000082c00000|100%| O|  |TAMS 0x0000000082c00000, 0x0000000082c00000| Untracked 
|   4|0x0000000082c00000, 0x0000000082d00000, 0x0000000082d00000|100%| O|  |TAMS 0x0000000082d00000, 0x0000000082d00000| Untracked 
|   5|0x0000000082d00000, 0x0000000082e00000, 0x0000000082e00000|100%| O|  |TAMS 0x0000000082e00000, 0x0000000082e00000| Untracked 
|   6|0x0000000082e00000, 0x0000000082f00000, 0x0000000082f00000|100%| O|  |TAMS 0x0000000082f00000, 0x0000000082f00000| Untracked 
|   7|0x0000000082f00000, 0x0000000083000000, 0x0000000083000000|100%| O|  |TAMS 0x0000000083000000, 0x0000000083000000| Untracked 
|   8|0x0000000083000000, 0x0000000083100000, 0x0000000083100000|100%| O|  |TAMS 0x00000000830c7200, 0x0000000083100000| Untracked 
|   9|0x0000000083100000, 0x0000000083200000, 0x0000000083200000|100%| O|  |TAMS 0x0000000083100000, 0x0000000083200000| Untracked 
|  10|0x0000000083200000, 0x0000000083300000, 0x0000000083300000|100%| O|  |TAMS 0x0000000083200000, 0x0000000083300000| Untracked 
|  11|0x0000000083300000, 0x0000000083400000, 0x0000000083400000|100%| O|  |TAMS 0x0000000083300000, 0x0000000083400000| Untracked 
|  12|0x0000000083400000, 0x0000000083500000, 0x0000000083500000|100%| O|  |TAMS 0x0000000083400000, 0x0000000083500000| Untracked 
|  13|0x0000000083500000, 0x0000000083600000, 0x0000000083600000|100%| O|  |TAMS 0x0000000083500000, 0x0000000083600000| Untracked 
|  14|0x0000000083600000, 0x0000000083700000, 0x0000000083700000|100%| O|  |TAMS 0x0000000083600000, 0x0000000083700000| Untracked 
|  15|0x0000000083700000, 0x0000000083800000, 0x0000000083800000|100%| O|  |TAMS 0x0000000083700000, 0x0000000083800000| Untracked 
|  16|0x0000000083800000, 0x000000008383e800, 0x0000000083900000| 24%| O|  |TAMS 0x0000000083800000, 0x000000008383e800| Untracked 
|  17|0x0000000083900000, 0x0000000083900000, 0x0000000083a00000|  0%| F|  |TAMS 0x0000000083900000, 0x0000000083900000| Untracked 
|  18|0x0000000083a00000, 0x0000000083a00000, 0x0000000083b00000|  0%| F|  |TAMS 0x0000000083a00000, 0x0000000083a00000| Untracked 
|  19|0x0000000083b00000, 0x0000000083b00000, 0x0000000083c00000|  0%| F|  |TAMS 0x0000000083b00000, 0x0000000083b00000| Untracked 
|  20|0x0000000083c00000, 0x0000000083c00000, 0x0000000083d00000|  0%| F|  |TAMS 0x0000000083c00000, 0x0000000083c00000| Untracked 
|  21|0x0000000083d00000, 0x0000000083d00000, 0x0000000083e00000|  0%| F|  |TAMS 0x0000000083d00000, 0x0000000083d00000| Untracked 
|  22|0x0000000083e00000, 0x0000000083e00000, 0x0000000083f00000|  0%| F|  |TAMS 0x0000000083e00000, 0x0000000083e00000| Untracked 
|  23|0x0000000083f00000, 0x0000000083f00000, 0x0000000084000000|  0%| F|  |TAMS 0x0000000083f00000, 0x0000000083f00000| Untracked 
|  24|0x0000000084000000, 0x0000000084000000, 0x0000000084100000|  0%| F|  |TAMS 0x0000000084000000, 0x0000000084000000| Untracked 
|  25|0x0000000084100000, 0x0000000084100000, 0x0000000084200000|  0%| F|  |TAMS 0x0000000084100000, 0x0000000084100000| Untracked 
|  26|0x0000000084200000, 0x0000000084200000, 0x0000000084300000|  0%| F|  |TAMS 0x0000000084200000, 0x0000000084200000| Untracked 
|  27|0x0000000084300000, 0x0000000084300000, 0x0000000084400000|  0%| F|  |TAMS 0x0000000084300000, 0x0000000084300000| Untracked 
|  28|0x0000000084400000, 0x0000000084400000, 0x0000000084500000|  0%| F|  |TAMS 0x0000000084400000, 0x0000000084400000| Untracked 
|  29|0x0000000084500000, 0x0000000084500000, 0x0000000084600000|  0%| F|  |TAMS 0x0000000084500000, 0x0000000084500000| Untracked 
|  30|0x0000000084600000, 0x0000000084600000, 0x0000000084700000|  0%| F|  |TAMS 0x0000000084600000, 0x0000000084600000| Untracked 
|  31|0x0000000084700000, 0x0000000084700000, 0x0000000084800000|  0%| F|  |TAMS 0x0000000084700000, 0x0000000084700000| Untracked 
|  32|0x0000000084800000, 0x0000000084800000, 0x0000000084900000|  0%| F|  |TAMS 0x0000000084800000, 0x0000000084800000| Untracked 
|  33|0x0000000084900000, 0x0000000084900000, 0x0000000084a00000|  0%| F|  |TAMS 0x0000000084900000, 0x0000000084900000| Untracked 
|  34|0x0000000084a00000, 0x0000000084a00000, 0x0000000084b00000|  0%| F|  |TAMS 0x0000000084a00000, 0x0000000084a00000| Untracked 
|  35|0x0000000084b00000, 0x0000000084b00000, 0x0000000084c00000|  0%| F|  |TAMS 0x0000000084b00000, 0x0000000084b00000| Untracked 
|  36|0x0000000084c00000, 0x0000000084c00000, 0x0000000084d00000|  0%| F|  |TAMS 0x0000000084c00000, 0x0000000084c00000| Untracked 
|  37|0x0000000084d00000, 0x0000000084d00000, 0x0000000084e00000|  0%| F|  |TAMS 0x0000000084d00000, 0x0000000084d00000| Untracked 
|  38|0x0000000084e00000, 0x0000000084e00000, 0x0000000084f00000|  0%| F|  |TAMS 0x0000000084e00000, 0x0000000084e00000| Untracked 
|  39|0x0000000084f00000, 0x0000000084f00000, 0x0000000085000000|  0%| F|  |TAMS 0x0000000084f00000, 0x0000000084f00000| Untracked 
|  40|0x0000000085000000, 0x0000000085000000, 0x0000000085100000|  0%| F|  |TAMS 0x0000000085000000, 0x0000000085000000| Untracked 
|  41|0x0000000085100000, 0x0000000085100000, 0x0000000085200000|  0%| F|  |TAMS 0x0000000085100000, 0x0000000085100000| Untracked 
|  42|0x0000000085200000, 0x0000000085200000, 0x0000000085300000|  0%| F|  |TAMS 0x0000000085200000, 0x0000000085200000| Untracked 
|  43|0x0000000085300000, 0x0000000085300000, 0x0000000085400000|  0%| F|  |TAMS 0x0000000085300000, 0x0000000085300000| Untracked 
|  44|0x0000000085400000, 0x0000000085400000, 0x0000000085500000|  0%| F|  |TAMS 0x0000000085400000, 0x0000000085400000| Untracked 
|  45|0x0000000085500000, 0x0000000085500000, 0x0000000085600000|  0%| F|  |TAMS 0x0000000085500000, 0x0000000085500000| Untracked 
|  46|0x0000000085600000, 0x0000000085600000, 0x0000000085700000|  0%| F|  |TAMS 0x0000000085600000, 0x0000000085600000| Untracked 
|  47|0x0000000085700000, 0x0000000085700000, 0x0000000085800000|  0%| F|  |TAMS 0x0000000085700000, 0x0000000085700000| Untracked 
|  48|0x0000000085800000, 0x0000000085900000, 0x0000000085900000|100%| S|CS|TAMS 0x0000000085800000, 0x0000000085800000| Complete 
|  49|0x0000000085900000, 0x0000000085a00000, 0x0000000085a00000|100%| S|CS|TAMS 0x0000000085900000, 0x0000000085900000| Complete 
|  50|0x0000000085a00000, 0x0000000085b00000, 0x0000000085b00000|100%| S|CS|TAMS 0x0000000085a00000, 0x0000000085a00000| Complete 
|  51|0x0000000085b00000, 0x0000000085b00000, 0x0000000085c00000|  0%| F|  |TAMS 0x0000000085b00000, 0x0000000085b00000| Untracked 
|  52|0x0000000085c00000, 0x0000000085c00000, 0x0000000085d00000|  0%| F|  |TAMS 0x0000000085c00000, 0x0000000085c00000| Untracked 
|  53|0x0000000085d00000, 0x0000000085d00000, 0x0000000085e00000|  0%| F|  |TAMS 0x0000000085d00000, 0x0000000085d00000| Untracked 
|  54|0x0000000085e00000, 0x0000000085e00000, 0x0000000085f00000|  0%| F|  |TAMS 0x0000000085e00000, 0x0000000085e00000| Untracked 
|  55|0x0000000085f00000, 0x0000000085f00000, 0x0000000086000000|  0%| F|  |TAMS 0x0000000085f00000, 0x0000000085f00000| Untracked 
|  56|0x0000000086000000, 0x0000000086000000, 0x0000000086100000|  0%| F|  |TAMS 0x0000000086000000, 0x0000000086000000| Untracked 
|  57|0x0000000086100000, 0x0000000086100000, 0x0000000086200000|  0%| F|  |TAMS 0x0000000086100000, 0x0000000086100000| Untracked 
|  58|0x0000000086200000, 0x0000000086300000, 0x0000000086300000|100%| S|CS|TAMS 0x0000000086200000, 0x0000000086200000| Complete 
|  59|0x0000000086300000, 0x0000000086400000, 0x0000000086400000|100%| S|CS|TAMS 0x0000000086300000, 0x0000000086300000| Complete 
|  60|0x0000000086400000, 0x0000000086500000, 0x0000000086500000|100%| S|CS|TAMS 0x0000000086400000, 0x0000000086400000| Complete 
|  61|0x0000000086500000, 0x0000000086600000, 0x0000000086600000|100%| S|CS|TAMS 0x0000000086500000, 0x0000000086500000| Complete 
|  62|0x0000000086600000, 0x0000000086700000, 0x0000000086700000|100%| S|CS|TAMS 0x0000000086600000, 0x0000000086600000| Complete 
|  63|0x0000000086700000, 0x0000000086800000, 0x0000000086800000|100%| S|CS|TAMS 0x0000000086700000, 0x0000000086700000| Complete 
|  64|0x0000000086800000, 0x0000000086800000, 0x0000000086900000|  0%| F|  |TAMS 0x0000000086800000, 0x0000000086800000| Untracked 
|  65|0x0000000086900000, 0x0000000086900000, 0x0000000086a00000|  0%| F|  |TAMS 0x0000000086900000, 0x0000000086900000| Untracked 
|  66|0x0000000086a00000, 0x0000000086a00000, 0x0000000086b00000|  0%| F|  |TAMS 0x0000000086a00000, 0x0000000086a00000| Untracked 
|  67|0x0000000086b00000, 0x0000000086b00000, 0x0000000086c00000|  0%| F|  |TAMS 0x0000000086b00000, 0x0000000086b00000| Untracked 
|  68|0x0000000086c00000, 0x0000000086c00000, 0x0000000086d00000|  0%| F|  |TAMS 0x0000000086c00000, 0x0000000086c00000| Untracked 
|  69|0x0000000086d00000, 0x0000000086d00000, 0x0000000086e00000|  0%| F|  |TAMS 0x0000000086d00000, 0x0000000086d00000| Untracked 
|  70|0x0000000086e00000, 0x0000000086e00000, 0x0000000086f00000|  0%| F|  |TAMS 0x0000000086e00000, 0x0000000086e00000| Untracked 
|  71|0x0000000086f00000, 0x0000000086f00000, 0x0000000087000000|  0%| F|  |TAMS 0x0000000086f00000, 0x0000000086f00000| Untracked 
|  72|0x0000000087000000, 0x0000000087000000, 0x0000000087100000|  0%| F|  |TAMS 0x0000000087000000, 0x0000000087000000| Untracked 
|  73|0x0000000087100000, 0x0000000087100000, 0x0000000087200000|  0%| F|  |TAMS 0x0000000087100000, 0x0000000087100000| Untracked 
|  74|0x0000000087200000, 0x0000000087200000, 0x0000000087300000|  0%| F|  |TAMS 0x0000000087200000, 0x0000000087200000| Untracked 
|  75|0x0000000087300000, 0x0000000087300000, 0x0000000087400000|  0%| F|  |TAMS 0x0000000087300000, 0x0000000087300000| Untracked 
|  76|0x0000000087400000, 0x0000000087400000, 0x0000000087500000|  0%| F|  |TAMS 0x0000000087400000, 0x0000000087400000| Untracked 
|  77|0x0000000087500000, 0x0000000087500000, 0x0000000087600000|  0%| F|  |TAMS 0x0000000087500000, 0x0000000087500000| Untracked 
|  78|0x0000000087600000, 0x0000000087600000, 0x0000000087700000|  0%| F|  |TAMS 0x0000000087600000, 0x0000000087600000| Untracked 
|  79|0x0000000087700000, 0x0000000087700000, 0x0000000087800000|  0%| F|  |TAMS 0x0000000087700000, 0x0000000087700000| Untracked 
|  80|0x0000000087800000, 0x0000000087800000, 0x0000000087900000|  0%| F|  |TAMS 0x0000000087800000, 0x0000000087800000| Untracked 
|  81|0x0000000087900000, 0x0000000087900000, 0x0000000087a00000|  0%| F|  |TAMS 0x0000000087900000, 0x0000000087900000| Untracked 
|  82|0x0000000087a00000, 0x0000000087a00000, 0x0000000087b00000|  0%| F|  |TAMS 0x0000000087a00000, 0x0000000087a00000| Untracked 
|  83|0x0000000087b00000, 0x0000000087b00000, 0x0000000087c00000|  0%| F|  |TAMS 0x0000000087b00000, 0x0000000087b00000| Untracked 
|  84|0x0000000087c00000, 0x0000000087c00000, 0x0000000087d00000|  0%| F|  |TAMS 0x0000000087c00000, 0x0000000087c00000| Untracked 
|  85|0x0000000087d00000, 0x0000000087d00000, 0x0000000087e00000|  0%| F|  |TAMS 0x0000000087d00000, 0x0000000087d00000| Untracked 
|  86|0x0000000087e00000, 0x0000000087e00000, 0x0000000087f00000|  0%| F|  |TAMS 0x0000000087e00000, 0x0000000087e00000| Untracked 
|  87|0x0000000087f00000, 0x0000000087f00000, 0x0000000088000000|  0%| F|  |TAMS 0x0000000087f00000, 0x0000000087f00000| Untracked 
|  88|0x0000000088000000, 0x0000000088000000, 0x0000000088100000|  0%| F|  |TAMS 0x0000000088000000, 0x0000000088000000| Untracked 
|  89|0x0000000088100000, 0x0000000088100000, 0x0000000088200000|  0%| F|  |TAMS 0x0000000088100000, 0x0000000088100000| Untracked 
|  90|0x0000000088200000, 0x0000000088200000, 0x0000000088300000|  0%| F|  |TAMS 0x0000000088200000, 0x0000000088200000| Untracked 
|  91|0x0000000088300000, 0x0000000088300000, 0x0000000088400000|  0%| F|  |TAMS 0x0000000088300000, 0x0000000088300000| Untracked 
|  92|0x0000000088400000, 0x0000000088400000, 0x0000000088500000|  0%| F|  |TAMS 0x0000000088400000, 0x0000000088400000| Untracked 
|  93|0x0000000088500000, 0x0000000088500000, 0x0000000088600000|  0%| F|  |TAMS 0x0000000088500000, 0x0000000088500000| Untracked 
|  94|0x0000000088600000, 0x0000000088600000, 0x0000000088700000|  0%| F|  |TAMS 0x0000000088600000, 0x0000000088600000| Untracked 
|  95|0x0000000088700000, 0x0000000088700000, 0x0000000088800000|  0%| F|  |TAMS 0x0000000088700000, 0x0000000088700000| Untracked 
|  96|0x0000000088800000, 0x0000000088800000, 0x0000000088900000|  0%| F|  |TAMS 0x0000000088800000, 0x0000000088800000| Untracked 
|  97|0x0000000088900000, 0x0000000088900000, 0x0000000088a00000|  0%| F|  |TAMS 0x0000000088900000, 0x0000000088900000| Untracked 
|  98|0x0000000088a00000, 0x0000000088a00000, 0x0000000088b00000|  0%| F|  |TAMS 0x0000000088a00000, 0x0000000088a00000| Untracked 
|  99|0x0000000088b00000, 0x0000000088b00000, 0x0000000088c00000|  0%| F|  |TAMS 0x0000000088b00000, 0x0000000088b00000| Untracked 
| 100|0x0000000088c00000, 0x0000000088c00000, 0x0000000088d00000|  0%| F|  |TAMS 0x0000000088c00000, 0x0000000088c00000| Untracked 
| 101|0x0000000088d00000, 0x0000000088d00000, 0x0000000088e00000|  0%| F|  |TAMS 0x0000000088d00000, 0x0000000088d00000| Untracked 
| 102|0x0000000088e00000, 0x0000000088e00000, 0x0000000088f00000|  0%| F|  |TAMS 0x0000000088e00000, 0x0000000088e00000| Untracked 
| 103|0x0000000088f00000, 0x0000000088f00000, 0x0000000089000000|  0%| F|  |TAMS 0x0000000088f00000, 0x0000000088f00000| Untracked 
| 104|0x0000000089000000, 0x0000000089000000, 0x0000000089100000|  0%| F|  |TAMS 0x0000000089000000, 0x0000000089000000| Untracked 
| 105|0x0000000089100000, 0x0000000089100000, 0x0000000089200000|  0%| F|  |TAMS 0x0000000089100000, 0x0000000089100000| Untracked 
| 106|0x0000000089200000, 0x0000000089200000, 0x0000000089300000|  0%| F|  |TAMS 0x0000000089200000, 0x0000000089200000| Untracked 
| 107|0x0000000089300000, 0x0000000089300000, 0x0000000089400000|  0%| F|  |TAMS 0x0000000089300000, 0x0000000089300000| Untracked 
| 108|0x0000000089400000, 0x0000000089400000, 0x0000000089500000|  0%| F|  |TAMS 0x0000000089400000, 0x0000000089400000| Untracked 
| 109|0x0000000089500000, 0x0000000089500000, 0x0000000089600000|  0%| F|  |TAMS 0x0000000089500000, 0x0000000089500000| Untracked 
| 110|0x0000000089600000, 0x0000000089600000, 0x0000000089700000|  0%| F|  |TAMS 0x0000000089600000, 0x0000000089600000| Untracked 
| 111|0x0000000089700000, 0x0000000089700000, 0x0000000089800000|  0%| F|  |TAMS 0x0000000089700000, 0x0000000089700000| Untracked 
| 112|0x0000000089800000, 0x0000000089800000, 0x0000000089900000|  0%| F|  |TAMS 0x0000000089800000, 0x0000000089800000| Untracked 
| 113|0x0000000089900000, 0x0000000089900000, 0x0000000089a00000|  0%| F|  |TAMS 0x0000000089900000, 0x0000000089900000| Untracked 
| 114|0x0000000089a00000, 0x0000000089a00000, 0x0000000089b00000|  0%| F|  |TAMS 0x0000000089a00000, 0x0000000089a00000| Untracked 
| 115|0x0000000089b00000, 0x0000000089b00000, 0x0000000089c00000|  0%| F|  |TAMS 0x0000000089b00000, 0x0000000089b00000| Untracked 
| 116|0x0000000089c00000, 0x0000000089c00000, 0x0000000089d00000|  0%| F|  |TAMS 0x0000000089c00000, 0x0000000089c00000| Untracked 
| 117|0x0000000089d00000, 0x0000000089d00000, 0x0000000089e00000|  0%| F|  |TAMS 0x0000000089d00000, 0x0000000089d00000| Untracked 
| 118|0x0000000089e00000, 0x0000000089e00000, 0x0000000089f00000|  0%| F|  |TAMS 0x0000000089e00000, 0x0000000089e00000| Untracked 
| 119|0x0000000089f00000, 0x0000000089f00000, 0x000000008a000000|  0%| F|  |TAMS 0x0000000089f00000, 0x0000000089f00000| Untracked 
| 120|0x000000008a000000, 0x000000008a000000, 0x000000008a100000|  0%| F|  |TAMS 0x000000008a000000, 0x000000008a000000| Untracked 
| 121|0x000000008a100000, 0x000000008a100000, 0x000000008a200000|  0%| F|  |TAMS 0x000000008a100000, 0x000000008a100000| Untracked 
| 122|0x000000008a200000, 0x000000008a200000, 0x000000008a300000|  0%| F|  |TAMS 0x000000008a200000, 0x000000008a200000| Untracked 
| 123|0x000000008a300000, 0x000000008a300000, 0x000000008a400000|  0%| F|  |TAMS 0x000000008a300000, 0x000000008a300000| Untracked 
| 124|0x000000008a400000, 0x000000008a400000, 0x000000008a500000|  0%| F|  |TAMS 0x000000008a400000, 0x000000008a400000| Untracked 
| 125|0x000000008a500000, 0x000000008a500000, 0x000000008a600000|  0%| F|  |TAMS 0x000000008a500000, 0x000000008a500000| Untracked 

Card table byte_map: [0x000001cc98a50000,0x000001cc98e40000] _byte_map_base: 0x000001cc9863c000

Marking Bits (Prev, Next): (CMBitMap*) 0x000001ccff0da888, (CMBitMap*) 0x000001ccff0da8c0
 Prev Bits: [0x000001cc99230000, 0x000001cc9b190000)
 Next Bits: [0x000001cc9b190000, 0x000001cc9d0f0000)

Polling page: 0x000001ccff170000

Metaspace:

Usage:
  Non-class:     46.74 MB capacity,    45.84 MB ( 98%) used,   738.83 KB (  2%) free+waste,   183.63 KB ( <1%) overhead. 
      Class:      7.34 MB capacity,     6.72 MB ( 92%) used,   540.13 KB (  7%) free+waste,    90.56 KB (  1%) overhead. 
       Both:     54.08 MB capacity,    52.57 MB ( 97%) used,     1.25 MB (  2%) free+waste,   274.19 KB ( <1%) overhead. 

Virtual space:
  Non-class space:       60.00 MB reserved,      46.75 MB ( 78%) committed 
      Class space:        1.00 GB reserved,       7.38 MB ( <1%) committed 
             Both:        1.06 GB reserved,      54.13 MB (  5%) committed 

Chunk freelists:
   Non-Class:  768 bytes
       Class:  384 bytes
        Both:  1.13 KB

CodeHeap 'non-profiled nmethods': size=238336Kb used=7492Kb max_used=7492Kb free=230843Kb
 bounds [0x000001cc89da0000, 0x000001cc8a500000, 0x000001cc98660000]
CodeHeap 'non-nmethods': size=7424Kb used=2923Kb max_used=2923Kb free=4500Kb
 bounds [0x000001cc89660000, 0x000001cc89940000, 0x000001cc89da0000]
 total_blobs=5191 nmethods=4565 adapters=533
 compilation: enabled
              stopped_count=0, restarted_count=0
 full_count=0

Compilation events (10 events):
Event: 4.428 Thread 0x000001cca26d7800 4561       1       java.util.concurrent.ConcurrentHashMap::entrySet (25 bytes)
Event: 4.428 Thread 0x000001cca0695000 4562       1       java.util.concurrent.ConcurrentHashMap$EntrySetView::iterator (34 bytes)
Event: 4.428 Thread 0x000001cc9fc06800 4563       1       java.util.concurrent.ConcurrentHashMap$EntryIterator::<init> (12 bytes)
Event: 4.428 Thread 0x000001cca26d7800 nmethod 4561 0x000001cc8a4efc90 code [0x000001cc8a4efe40, 0x000001cc8a4f0058]
Event: 4.428 Thread 0x000001cca0695000 nmethod 4562 0x000001cc8a4f0110 code [0x000001cc8a4f02e0, 0x000001cc8a4f0560]
Event: 4.428 Thread 0x000001cc9fc06800 nmethod 4563 0x000001cc8a4f0690 code [0x000001cc8a4f0860, 0x000001cc8a4f0a20]
Event: 4.428 Thread 0x000001cca0f7f800 4564       1       org.hibernate.internal.util.StringHelper::isEmpty (17 bytes)
Event: 4.428 Thread 0x000001cca0f7f800 nmethod 4564 0x000001cc8a4f0b10 code [0x000001cc8a4f0cc0, 0x000001cc8a4f0e18]
Event: 4.438 Thread 0x000001cca0695000 4565       1       java.lang.reflect.Constructor::getDeclaredAnnotations (5 bytes)
Event: 4.438 Thread 0x000001cca0695000 nmethod 4565 0x000001cc8a4f0f10 code [0x000001cc8a4f10e0, 0x000001cc8a4f12b0]

GC Heap History (10 events):
Event: 3.093 GC heap before
{Heap before GC invocations=5 (full 0):
 garbage-first heap   total 129024K, used 76221K [0x0000000082800000, 0x0000000100000000)
  region size 1024K, 68 young (69632K), 4 survivors (4096K)
 Metaspace       used 31147K, capacity 32166K, committed 32512K, reserved 1077248K
  class space    used 3850K, capacity 4236K, committed 4352K, reserved 1048576K
}
Event: 3.098 GC heap after
{Heap after GC invocations=6 (full 0):
 garbage-first heap   total 129024K, used 13468K [0x0000000082800000, 0x0000000100000000)
  region size 1024K, 6 young (6144K), 6 survivors (6144K)
 Metaspace       used 31147K, capacity 32166K, committed 32512K, reserved 1077248K
  class space    used 3850K, capacity 4236K, committed 4352K, reserved 1048576K
}
Event: 3.340 GC heap before
{Heap before GC invocations=6 (full 0):
 garbage-first heap   total 129024K, used 41116K [0x0000000082800000, 0x0000000100000000)
  region size 1024K, 34 young (34816K), 6 survivors (6144K)
 Metaspace       used 34755K, capacity 35788K, committed 35840K, reserved 1081344K
  class space    used 4335K, capacity 4723K, committed 4736K, reserved 1048576K
}
Event: 3.348 GC heap after
{Heap after GC invocations=7 (full 0):
 garbage-first heap   total 129024K, used 15050K [0x0000000082800000, 0x0000000100000000)
  region size 1024K, 6 young (6144K), 6 survivors (6144K)
 Metaspace       used 34755K, capacity 35788K, committed 35840K, reserved 1081344K
  class space    used 4335K, capacity 4723K, committed 4736K, reserved 1048576K
}
Event: 3.633 GC heap before
{Heap before GC invocations=8 (full 0):
 garbage-first heap   total 129024K, used 84682K [0x0000000082800000, 0x0000000100000000)
  region size 1024K, 75 young (76800K), 6 survivors (6144K)
 Metaspace       used 38558K, capacity 39840K, committed 39936K, reserved 1083392K
  class space    used 4851K, capacity 5345K, committed 5376K, reserved 1048576K
}
Event: 3.640 GC heap after
{Heap after GC invocations=9 (full 0):
 garbage-first heap   total 129024K, used 17126K [0x0000000082800000, 0x0000000100000000)
  region size 1024K, 7 young (7168K), 7 survivors (7168K)
 Metaspace       used 38558K, capacity 39840K, committed 39936K, reserved 1083392K
  class space    used 4851K, capacity 5345K, committed 5376K, reserved 1048576K
}
Event: 4.113 GC heap before
{Heap before GC invocations=9 (full 0):
 garbage-first heap   total 129024K, used 86758K [0x0000000082800000, 0x0000000100000000)
  region size 1024K, 75 young (76800K), 7 survivors (7168K)
 Metaspace       used 46773K, capacity 48210K, committed 48512K, reserved 1091584K
  class space    used 5878K, capacity 6449K, committed 6528K, reserved 1048576K
}
Event: 4.123 GC heap after
{Heap after GC invocations=10 (full 0):
 garbage-first heap   total 129024K, used 22102K [0x0000000082800000, 0x0000000100000000)
  region size 1024K, 9 young (9216K), 9 survivors (9216K)
 Metaspace       used 46773K, capacity 48210K, committed 48512K, reserved 1091584K
  class space    used 5878K, capacity 6449K, committed 6528K, reserved 1048576K
}
Event: 4.439 GC heap before
{Heap before GC invocations=10 (full 0):
 garbage-first heap   total 129024K, used 84566K [0x0000000082800000, 0x0000000100000000)
  region size 1024K, 71 young (72704K), 9 survivors (9216K)
 Metaspace       used 53829K, capacity 55383K, committed 55424K, reserved 1107968K
  class space    used 6886K, capacity 7517K, committed 7552K, reserved 1048576K
}
Event: 4.445 GC heap after
{Heap after GC invocations=11 (full 0):
 garbage-first heap   total 129024K, used 25850K [0x0000000082800000, 0x0000000100000000)
  region size 1024K, 9 young (9216K), 9 survivors (9216K)
 Metaspace       used 53829K, capacity 55383K, committed 55424K, reserved 1107968K
  class space    used 6886K, capacity 7517K, committed 7552K, reserved 1048576K
}

Deoptimization events (0 events):
No events

Classes redefined (0 events):
No events

Internal exceptions (10 events):
Event: 4.039 Thread 0x000001ccff09d800 Exception <a 'java/lang/ClassNotFoundException'{0x0000000086f92ce0}: org/springframework/beans/factory/AwareCustomizer> (0x0000000086f92ce0) thrown at [t:/workspace/open/src/hotspot/share/classfile/systemDictionary.cpp, line 231]
Event: 4.040 Thread 0x000001ccff09d800 Exception <a 'java/lang/ClassNotFoundException'{0x0000000086fa4af0}: org/springframework/context/ApplicationContextAwareCustomizer> (0x0000000086fa4af0) thrown at [t:/workspace/open/src/hotspot/share/classfile/systemDictionary.cpp, line 231]
Event: 4.041 Thread 0x000001ccff09d800 Exception <a 'java/lang/ClassNotFoundException'{0x0000000086fb61a0}: org/springframework/beans/factory/AwareCustomizer> (0x0000000086fb61a0) thrown at [t:/workspace/open/src/hotspot/share/classfile/systemDictionary.cpp, line 231]
Event: 4.041 Thread 0x000001ccff09d800 Exception <a 'java/lang/ClassNotFoundException'{0x0000000086e02168}: org/springframework/web/context/ServletContextAwareCustomizer> (0x0000000086e02168) thrown at [t:/workspace/open/src/hotspot/share/classfile/systemDictionary.cpp, line 231]
Event: 4.041 Thread 0x000001ccff09d800 Exception <a 'java/lang/ClassNotFoundException'{0x0000000086e132f0}: org/springframework/beans/factory/AwareCustomizer> (0x0000000086e132f0) thrown at [t:/workspace/open/src/hotspot/share/classfile/systemDictionary.cpp, line 231]
Event: 4.074 Thread 0x000001cca2362800 Exception <a 'java/lang/reflect/InvocationTargetException'{0x000000008698b330}> (0x000000008698b330) thrown at [t:/workspace/open/src/hotspot/share/runtime/reflection.cpp, line 1242]
Event: 4.214 Thread 0x000001ccff09d800 Exception <a 'java/lang/NoSuchMethodError'{0x0000000088eaefc0}: java.lang.invoke.DirectMethodHandle$Holder.invokeInterface(Ljava/lang/Object;Ljava/lang/Object;Ljava/lang/Object;)Ljava/lang/Object;> (0x0000000088eaefc0) thrown at [t:/workspace/open/src/hot
Event: 4.215 Thread 0x000001ccff09d800 Exception <a 'java/lang/IncompatibleClassChangeError'{0x0000000088eb1f48}: Found class java.lang.Object, but interface was expected> (0x0000000088eb1f48) thrown at [t:/workspace/open/src/hotspot/share/interpreter/linkResolver.cpp, line 856]
Event: 4.233 Thread 0x000001ccff09d800 Exception <a 'java/lang/NoSuchMethodError'{0x000000008890fa68}: java.lang.invoke.DirectMethodHandle$Holder.invokeStaticInit(Ljava/lang/Object;Ljava/lang/Object;Ljava/lang/Object;Ljava/lang/Object;)I> (0x000000008890fa68) thrown at [t:/workspace/open/src/h
Event: 4.409 Thread 0x000001ccff09d800 Exception <a 'java/lang/IncompatibleClassChangeError'{0x0000000086e6a8e0}: Found class java.lang.Object, but interface was expected> (0x0000000086e6a8e0) thrown at [t:/workspace/open/src/hotspot/share/interpreter/linkResolver.cpp, line 856]

Events (10 events):
Event: 4.438 loading class org/hibernate/resource/jdbc/spi/StatementInspector done
Event: 4.438 loading class org/hibernate/cfg/BaselineSessionEventsListenerBuilder
Event: 4.438 loading class org/hibernate/cfg/BaselineSessionEventsListenerBuilder done
Event: 4.438 loading class org/hibernate/CustomEntityDirtinessStrategy
Event: 4.438 loading class org/hibernate/CustomEntityDirtinessStrategy done
Event: 4.438 loading class org/hibernate/boot/internal/DefaultCustomEntityDirtinessStrategy
Event: 4.438 loading class org/hibernate/boot/internal/DefaultCustomEntityDirtinessStrategy done
Event: 4.438 loading class org/springframework/data/jpa/repository/support/JpaEvaluationContextExtension$JpaRootObject
Event: 4.438 loading class org/springframework/data/jpa/repository/support/JpaEvaluationContextExtension$JpaRootObject done
Event: 4.439 Executing VM operation: CollectForMetadataAllocation


Dynamic libraries:
0x00007ff701470000 - 0x00007ff7014b7000 	C:\Program Files\Java\jdk-11.0.1\bin\java.exe
0x00007ffb235f0000 - 0x00007ffb237e5000 	C:\WINDOWS\SYSTEM32\ntdll.dll
0x00007ffb21b40000 - 0x00007ffb21bfe000 	C:\WINDOWS\System32\KERNEL32.DLL
0x00007ffb21140000 - 0x00007ffb21409000 	C:\WINDOWS\System32\KERNELBASE.dll
0x00007ffb22520000 - 0x00007ffb225cc000 	C:\WINDOWS\System32\ADVAPI32.dll
0x00007ffb21e20000 - 0x00007ffb21ebe000 	C:\WINDOWS\System32\msvcrt.dll
0x00007ffb216d0000 - 0x00007ffb2176b000 	C:\WINDOWS\System32\sechost.dll
0x00007ffb23480000 - 0x00007ffb235aa000 	C:\WINDOWS\System32\RPCRT4.dll
0x00007ffb21770000 - 0x00007ffb21911000 	C:\WINDOWS\System32\USER32.dll
0x00007ffb20fb0000 - 0x00007ffb20fd2000 	C:\WINDOWS\System32\win32u.dll
0x00007ffb22000000 - 0x00007ffb2202b000 	C:\WINDOWS\System32\GDI32.dll
0x00007ffb20d10000 - 0x00007ffb20e1b000 	C:\WINDOWS\System32\gdi32full.dll
0x00007ffb21410000 - 0x00007ffb214ad000 	C:\WINDOWS\System32\msvcp_win.dll
0x00007ffb20e20000 - 0x00007ffb20f20000 	C:\WINDOWS\System32\ucrtbase.dll
0x00007ffaff350000 - 0x00007ffaff5ea000 	C:\WINDOWS\WinSxS\amd64_microsoft.windows.common-controls_6595b64144ccf1df_6.0.19041.1110_none_60b5254171f9507e\COMCTL32.dll
0x00007ffb1a3e0000 - 0x00007ffb1a3ea000 	C:\WINDOWS\SYSTEM32\VERSION.dll
0x00007ffb21ec0000 - 0x00007ffb21ef0000 	C:\WINDOWS\System32\IMM32.DLL
0x00007ffb1b630000 - 0x00007ffb1b646000 	C:\Program Files\Java\jdk-11.0.1\bin\vcruntime140.dll
0x00007ffafe160000 - 0x00007ffafe20a000 	C:\Program Files\Java\jdk-11.0.1\bin\msvcp140.dll
0x00007ffada270000 - 0x00007ffadadb2000 	C:\Program Files\Java\jdk-11.0.1\bin\server\jvm.dll
0x00007ffb225d0000 - 0x00007ffb225d8000 	C:\WINDOWS\System32\PSAPI.DLL
0x00007ffb0d190000 - 0x00007ffb0d199000 	C:\WINDOWS\SYSTEM32\WSOCK32.dll
0x00007ffb0e110000 - 0x00007ffb0e137000 	C:\WINDOWS\SYSTEM32\WINMM.dll
0x00007ffb21da0000 - 0x00007ffb21e0b000 	C:\WINDOWS\System32\WS2_32.dll
0x00007ffb1eb30000 - 0x00007ffb1eb42000 	C:\WINDOWS\SYSTEM32\kernel.appcore.dll
0x00007ffb1b610000 - 0x00007ffb1b621000 	C:\Program Files\Java\jdk-11.0.1\bin\verify.dll
0x00007ffb10360000 - 0x00007ffb10544000 	C:\WINDOWS\SYSTEM32\DBGHELP.DLL
0x00007ffb17f10000 - 0x00007ffb17f3c000 	C:\WINDOWS\SYSTEM32\dbgcore.DLL
0x00007ffb21500000 - 0x00007ffb21583000 	C:\WINDOWS\System32\bcryptPrimitives.dll
0x00007ffb13b10000 - 0x00007ffb13b39000 	C:\Program Files\Java\jdk-11.0.1\bin\java.dll
0x00007ffb13430000 - 0x00007ffb1345f000 	C:\Program Files\Java\jdk-11.0.1\bin\instrument.dll
0x00007ffb1a630000 - 0x00007ffb1a646000 	C:\Program Files\Java\jdk-11.0.1\bin\zip.dll
0x00007ffb1bf60000 - 0x00007ffb1bf6a000 	C:\Program Files\Java\jdk-11.0.1\bin\jimage.dll
0x00007ffb225e0000 - 0x00007ffb22d1f000 	C:\WINDOWS\System32\SHELL32.dll
0x00007ffb1ee10000 - 0x00007ffb1f5a0000 	C:\WINDOWS\SYSTEM32\windows.storage.dll
0x00007ffb22030000 - 0x00007ffb22385000 	C:\WINDOWS\System32\combase.dll
0x00007ffb20760000 - 0x00007ffb2078c000 	C:\WINDOWS\SYSTEM32\Wldp.dll
0x00007ffb21ef0000 - 0x00007ffb21f9d000 	C:\WINDOWS\System32\SHCORE.dll
0x00007ffb21d40000 - 0x00007ffb21d95000 	C:\WINDOWS\System32\shlwapi.dll
0x00007ffb20c50000 - 0x00007ffb20c6f000 	C:\WINDOWS\SYSTEM32\profapi.dll
0x00007ffb13280000 - 0x00007ffb13299000 	C:\Program Files\Java\jdk-11.0.1\bin\net.dll
0x00007ffb140e0000 - 0x00007ffb141e8000 	C:\WINDOWS\SYSTEM32\WINHTTP.dll
0x00007ffb204c0000 - 0x00007ffb2052a000 	C:\WINDOWS\system32\mswsock.dll
0x00007ffb13210000 - 0x00007ffb13223000 	C:\Program Files\Java\jdk-11.0.1\bin\nio.dll
0x00007ffb07de0000 - 0x00007ffb07dfa000 	D:\Intelij\IntelliJ IDEA 2021.2.3\bin\breakgen64.dll
0x00007ffb201a0000 - 0x00007ffb2026c000 	C:\WINDOWS\SYSTEM32\DNSAPI.dll
0x00007ffb20160000 - 0x00007ffb2019b000 	C:\WINDOWS\SYSTEM32\IPHLPAPI.DLL
0x00007ffb21e10000 - 0x00007ffb21e18000 	C:\WINDOWS\System32\NSI.dll
0x0000000050860000 - 0x0000000050886000 	C:\Program Files\Bonjour\mdnsNSP.dll
0x00007ffb14040000 - 0x00007ffb1404a000 	C:\Windows\System32\rasadhlp.dll
0x00007ffb13f30000 - 0x00007ffb13faf000 	C:\WINDOWS\System32\fwpuclnt.dll
0x00007ffb20f20000 - 0x00007ffb20f47000 	C:\WINDOWS\System32\bcrypt.dll
0x00007ffb1b8e0000 - 0x00007ffb1b8e9000 	C:\Program Files\Java\jdk-11.0.1\bin\management.dll
0x00007ffb1b8c0000 - 0x00007ffb1b8cc000 	C:\Program Files\Java\jdk-11.0.1\bin\management_ext.dll
0x00007ffb206b0000 - 0x00007ffb206c8000 	C:\WINDOWS\SYSTEM32\CRYPTSP.dll
0x00007ffb1fdd0000 - 0x00007ffb1fe04000 	C:\WINDOWS\system32\rsaenh.dll
0x00007ffb20c10000 - 0x00007ffb20c3e000 	C:\WINDOWS\SYSTEM32\USERENV.dll
0x00007ffb206d0000 - 0x00007ffb206dc000 	C:\WINDOWS\SYSTEM32\CRYPTBASE.dll
0x00007ffb19920000 - 0x00007ffb19937000 	C:\WINDOWS\SYSTEM32\dhcpcsvc6.DLL
0x00007ffb19900000 - 0x00007ffb1991d000 	C:\WINDOWS\SYSTEM32\dhcpcsvc.DLL
0x00007ffb06780000 - 0x00007ffb06797000 	C:\WINDOWS\system32\napinsp.dll
0x00007ffb01160000 - 0x00007ffb0117b000 	C:\WINDOWS\system32\pnrpnsp.dll
0x00007ffaff900000 - 0x00007ffaff915000 	C:\WINDOWS\system32\wshbth.dll
0x00007ffb1c8c0000 - 0x00007ffb1c8dd000 	C:\WINDOWS\system32\NLAapi.dll
0x00007ffaff8e0000 - 0x00007ffaff8f2000 	C:\WINDOWS\System32\winrnr.dll

dbghelp: loaded successfully - version: 4.0.5 - missing functions: none
symbol engine: initialized successfully - sym options: 0x614 - pdb path: .;C:\Program Files\Java\jdk-11.0.1\bin;C:\WINDOWS\SYSTEM32;C:\WINDOWS\WinSxS\amd64_microsoft.windows.common-controls_6595b64144ccf1df_6.0.19041.1110_none_60b5254171f9507e;C:\Program Files\Java\jdk-11.0.1\bin\server;D:\Intelij\IntelliJ IDEA 2021.2.3\bin;C:\Program Files\Bonjour

VM Arguments:
jvm_args: -XX:TieredStopAtLevel=1 -Xverify:none -Dspring.output.ansi.enabled=always -javaagent:D:\Intelij\IntelliJ IDEA 2021.2.3\lib\idea_rt.jar=52662:D:\Intelij\IntelliJ IDEA 2021.2.3\bin -Dcom.sun.management.jmxremote -Dspring.jmx.enabled=true -Dspring.liveBeansView.mbeanDomain -Dspring.application.admin.enabled=true -Dfile.encoding=UTF-8 
java_command: com.example.CrudapiApplication
java_class_path (initial): C:\Users\Dinh Duy\OneDrive\boot\CRUDAPI\target\classes;C:\Users\Dinh Duy\.m2\repository\org\springframework\boot\spring-boot-starter-data-jdbc\2.3.2.RELEASE\spring-boot-starter-data-jdbc-2.3.2.RELEASE.jar;C:\Users\Dinh Duy\.m2\repository\org\springframework\boot\spring-boot-starter-jdbc\2.3.2.RELEASE\spring-boot-starter-jdbc-2.3.2.RELEASE.jar;C:\Users\Dinh Duy\.m2\repository\com\zaxxer\HikariCP\3.4.5\HikariCP-3.4.5.jar;C:\Users\Dinh Duy\.m2\repository\org\springframework\spring-jdbc\5.2.8.RELEASE\spring-jdbc-5.2.8.RELEASE.jar;C:\Users\Dinh Duy\.m2\repository\org\springframework\data\spring-data-jdbc\2.0.2.RELEASE\spring-data-jdbc-2.0.2.RELEASE.jar;C:\Users\Dinh Duy\.m2\repository\org\springframework\data\spring-data-relational\2.0.2.RELEASE\spring-data-relational-2.0.2.RELEASE.jar;C:\Users\Dinh Duy\.m2\repository\org\springframework\data\spring-data-commons\2.3.2.RELEASE\spring-data-commons-2.3.2.RELEASE.jar;C:\Users\Dinh Duy\.m2\repository\org\springframework\spring-tx\5.2.8.RELEASE\spring-tx-5.2.8.RELEASE.jar;C:\Users\Dinh Duy\.m2\repository\org\springframework\spring-context\5.2.8.RELEASE\spring-context-5.2.8.RELEASE.jar;C:\Users\Dinh Duy\.m2\repository\org\springframework\spring-expression\5.2.8.RELEASE\spring-expression-5.2.8.RELEASE.jar;C:\Users\Dinh Duy\.m2\repository\org\springframework\spring-beans\5.2.8.RELEASE\spring-beans-5.2.8.RELEASE.jar;C:\Users\Dinh Duy\.m2\repository\commons-io\commons-io\1.3.2\commons-io-1.3.2.jar;C:\Users\Dinh Duy\.m2\repository\org\springframework\boot\spring-boot-starter-validation\2.3.2.RELEASE\spring-boot-starter-validation-2.3.2.RELEASE.jar;C:\Users\Dinh Duy\.m2\repository\org\springframework\boot\spring-boot-starter\2.3.2.RELEASE\spring-boot-starter-2.3.2.RELEASE.jar;C:\Users\Dinh Duy\.m2\repository\org\springframework\boot\spring-boot\2.3.2.RELEASE\spring-boot-2.3.2.RELEASE.jar;C:\Users\Dinh Duy\.m2\repository\org\springframework\boot\spring-boot-autoconfigure\2.3.2.RELEASE\spring-boot-autoconfi
Launcher Type: SUN_STANDARD

[Global flags]
     bool BytecodeVerificationLocal                = false                                     {product} {command line}
     bool BytecodeVerificationRemote               = false                                     {product} {command line}
     intx CICompilerCount                          = 4                                         {product} {ergonomic}
     uint ConcGCThreads                            = 2                                         {product} {ergonomic}
     uint G1ConcRefinementThreads                  = 8                                         {product} {ergonomic}
   size_t G1HeapRegionSize                         = 1048576                                   {product} {ergonomic}
    uintx GCDrainStackTargetSize                   = 64                                        {product} {ergonomic}
   size_t InitialHeapSize                          = 132120576                                 {product} {ergonomic}
     bool ManagementServer                         = true                                      {product} {command line}
   size_t MarkStackSize                            = 4194304                                   {product} {ergonomic}
   size_t MaxHeapSize                              = 2105540608                                {product} {ergonomic}
   size_t MaxNewSize                               = 1262485504                                {product} {ergonomic}
   size_t MinHeapDeltaBytes                        = 1048576                                   {product} {ergonomic}
    uintx NonNMethodCodeHeapSize                   = 7549744                                {pd product} {ergonomic}
    uintx NonProfiledCodeHeapSize                  = 244108496                              {pd product} {ergonomic}
    uintx ProfiledCodeHeapSize                     = 0                                      {pd product} {ergonomic}
    uintx ReservedCodeCacheSize                    = 251658240                              {pd product} {ergonomic}
     bool SegmentedCodeCache                       = true                                      {product} {ergonomic}
     intx TieredStopAtLevel                        = 1                                         {product} {command line}
     bool UseCompressedClassPointers               = true                                 {lp64_product} {ergonomic}
     bool UseCompressedOops                        = true                                 {lp64_product} {ergonomic}
     bool UseG1GC                                  = true                                      {product} {ergonomic}
     bool UseLargePagesIndividualAllocation        = false                                  {pd product} {ergonomic}

Logging:
Log output configuration:
 #0: stdout all=warning uptime,level,tags
 #1: stderr all=off uptime,level,tags

Environment Variables:
JAVA_HOME=C:\Program Files\Java\jdk-15
PATH=D:\App\orealce\product\19c\db_home1\bin;C:\laptrinh\mingw\mingw32\bin;C:\Program Files (x86)\PC Connectivity Solution\;C:\Program Files\Common Files\Oracle\Java\javapath;C:\Windows\system32;C:\Windows;C:\Windows\System32\Wbem;C:\Windows\System32\WindowsPowerShell\v1.0\;C:\Windows\System32\OpenSSH\;C:\Program Files (x86)\Intel\Intel(R) Management Engine Components\DAL;C:\Program Files\Intel\Intel(R) Management Engine Components\DAL;C:\Program Files (x86)\NVIDIA Corporation\PhysX\Common;C:\Program Files\NVIDIA Corporation\NVIDIA NvDLISR;C:\WINDOWS\system32;C:\WINDOWS;C:\WINDOWS\System32\Wbem;C:\WINDOWS\System32\WindowsPowerShell\v1.0\;C:\WINDOWS\System32\OpenSSH\;C:\Program Files\Microsoft SQL Server\Client SDK\ODBC\170\Tools\Binn\;C:\Program Files (x86)\Microsoft SQL Server\150\Tools\Binn\;C:\Program Files\Microsoft SQL Server\150\Tools\Binn\;C:\Program Files\Microsoft SQL Server\150\DTS\Binn\;C:\Program Files\Java\jdk-15\bin;D:\Git\Git\cmd;D:\Git\Git\mingw64\bin;D:\Git\Git\usr\bin;C:\Users\Dinh Duy\AppData\Local\Microsoft\WindowsApps;C:\Users\Dinh Duy\AppData\Local\GitHubDesktop\bin;D:\Intelij\IntelliJ IDEA 2021.2.3\bin;
USERNAME=Dinh Duy
OS=Windows_NT
PROCESSOR_IDENTIFIER=Intel64 Family 6 Model 158 Stepping 10, GenuineIntel



---------------  S Y S T E M  ---------------

OS: Windows 10 , 64 bit Build 19041 (10.0.19041.1202)

CPU:total 8 (initial active 8) (4 cores per cpu, 2 threads per core) family 6 model 158 stepping 10, cmov, cx8, fxsr, mmx, sse, sse2, sse3, ssse3, sse4.1, sse4.2, popcnt, avx, avx2, aes, clmul, erms, 3dnowpref, lzcnt, ht, tsc, tscinvbit, bmi1, bmi2, adx, fma

Memory: 4k page, system-wide physical 8029M (476M free)
TotalPageFile size 20352M (AvailPageFile size 0M)
current process WorkingSet (physical memory assigned to process): 217M, peak: 217M
current process commit charge ("private bytes"): 286M, peak: 287M

vm_info: Java HotSpot(TM) 64-Bit Server VM (11.0.1+13-LTS) for windows-amd64 JRE (11.0.1+13-LTS), built on Oct  6 2018 13:20:16 by "mach5one" with MS VC++ 15.5 (VS2017)

END.
